0.000 [ Info   ][Logger] No ORO_LOGLEVEL environment variable set.
0.000 [ Info   ][Logger]  OROCOS version '2.5.0'Orocos Logging Activated at level : [ Warning] ( 4 ) 
0.000 [ Info   ][Logger] Reference System Time is : 19654901000207 ticks ( 19654.9 seconds ).
0.000 [ Info   ][Logger] Logging is relative to this time.
0.000 [ Info   ][Logger] Loading typekit libraries from directory C:\xde\bin\types ...
0.009 [ Info   ][TypekitRepository::Import] Loading Transport CORBA://rtt-types.
0.009 [ Info   ][Logger] Loaded RTT TypeKit/Transport 'rtt-corba-types' from 'rtt-transport-corba'
0.010 [ Info   ][TypekitRepository::Import] Loading Typekit rtt-types.
0.010 [ Info   ][TypekitRepository::Import] Registered new 'CORBA' transport for int
0.010 [ Info   ][TypekitRepository::Import] Registered new 'CORBA' transport for uint
0.010 [ Info   ][TypekitRepository::Import] Registered new 'CORBA' transport for double
0.010 [ Info   ][TypekitRepository::Import] Registered new 'CORBA' transport for float
0.010 [ Info   ][TypekitRepository::Import] Registered new 'CORBA' transport for char
0.010 [ Info   ][TypekitRepository::Import] Registered new 'CORBA' transport for bool
0.010 [ Info   ][TypekitRepository::Import] Registered new 'CORBA' transport for void
0.010 [ Info   ][TypekitRepository::Import] Registered new 'CORBA' transport for ConnPolicy
0.010 [ Info   ][TypekitRepository::Import] Registered new 'CORBA' transport for TaskContext
0.010 [ Info   ][TypekitRepository::Import] Registered new 'CORBA' transport for string
0.010 [ Info   ][TypekitRepository::Import] Registered new 'CORBA' transport for array
0.010 [ Info   ][Logger] Loaded RTT TypeKit/Transport 'rtt-types' from 'rtt-typekit'
0.011 [ Info   ][TypekitRepository::Import] Loading Transport CORBA://xde/corba.
0.011 [ Info   ][Logger] Loaded RTT TypeKit/Transport 'XDECorbaPlugin' from 'XDE-transport-corba'
0.012 [ Info   ][TypekitRepository::Import] Loading Typekit XDETypekitPlugin.
0.012 [ Info   ][TypekitRepository::Import] Registered new 'CORBA' transport for Vector3d
0.012 [ Info   ][TypekitRepository::Import] Registered new 'CORBA' transport for Vector4d
0.012 [ Info   ][TypekitRepository::Import] Registered new 'CORBA' transport for MatrixXd
0.012 [ Info   ][TypekitRepository::Import] Registered new 'CORBA' transport for VectorXd
0.012 [ Info   ][TypekitRepository::Import] Registered new 'CORBA' transport for Matrix4d
0.012 [ Info   ][TypekitRepository::Import] Registered new 'CORBA' transport for Matrix6d
0.012 [ Info   ][TypekitRepository::Import] Registered new 'CORBA' transport for Matrix6Xd
0.012 [ Info   ][TypekitRepository::Import] Registered new 'CORBA' transport for Vector4d
0.012 [ Info   ][TypekitRepository::Import] Registered new 'CORBA' transport for Rotation3d
0.012 [ Info   ][TypekitRepository::Import] Registered new 'CORBA' transport for AngularVelocityd
0.012 [ Info   ][TypekitRepository::Import] Registered new 'CORBA' transport for Displacementd
0.012 [ Info   ][TypekitRepository::Import] Registered new 'CORBA' transport for Twistd
0.012 [ Info   ][TypekitRepository::Import] Registered new 'CORBA' transport for Torqued
0.012 [ Info   ][TypekitRepository::Import] Registered new 'CORBA' transport for Wrenchd
0.012 [ Info   ][TypekitRepository::Import] Registered new 'CORBA' transport for ptree
0.012 [ Info   ][TypekitRepository::Import] Registered new 'CORBA' transport for Msg
0.012 [ Info   ][TypekitRepository::Import] Registered new 'CORBA' transport for SMsg
0.013 [ Info   ][TypekitRepository::Import] Registered new 'CORBA' transport for vector_string
0.013 [ Info   ][TypekitRepository::Import] Registered new 'CORBA' transport for vector_int
0.013 [ Info   ][TypekitRepository::Import] Registered new 'CORBA' transport for map_string_string
0.013 [ Info   ][TypekitRepository::Import] Registered new 'CORBA' transport for map_string_double
0.013 [ Info   ][TypekitRepository::Import] Registered new 'CORBA' transport for pair_int_int
0.013 [ Info   ][TypekitRepository::Import] Registered new 'CORBA' transport for vector_pair_string_string
0.013 [ Info   ][TypekitRepository::Import] Registered new 'CORBA' transport for map_string_Displacementd
0.013 [ Info   ][TypekitRepository::Import] Registered new 'CORBA' transport for pair_vector_float_vector_uint
0.013 [ Info   ][TypekitRepository::Import] Registered new 'CORBA' transport for vector_Displacementd
0.013 [ Info   ][TypekitRepository::Import] Registered new 'CORBA' transport for vector_Twistd
0.013 [ Info   ][TypekitRepository::Import] Registered new 'CORBA' transport for vector_pair_Displacementd_string
0.013 [ Info   ][TypekitRepository::Import] Registered new 'CORBA' transport for vector_pair_string_int
0.013 [ Info   ][TypekitRepository::Import] Registered new 'CORBA' transport for vector_pair_int_Displacementd
0.013 [ Info   ][TypekitRepository::Import] Registered new 'CORBA' transport for vector_pair_pair_Displacementd_Twistd_string
0.013 [ Info   ][Logger] Loaded RTT TypeKit/Transport 'XDETypekitPlugin' from 'XDE-typekit'
0.013 [ Info   ][Logger] Loading plugin libraries from directory C:\xde\bin\plugins ...
0.014 [ Info   ][Logger] Loaded RTT Service 'marshalling' from 'rtt-marshalling'
0.014 [ Info   ][Logger] Loaded RTT Service 'scripting' from 'rtt-scripting'
