0.000 [ Info   ][Logger] No ORO_LOGLEVEL environment variable set.
0.000 [ Info   ][Logger]  OROCOS version '2.5.0'Orocos Logging Activated at level : [ Warning] ( 4 ) 
0.000 [ Info   ][Logger] Reference System Time is : 9759921030907 ticks ( 9759.92 seconds ).
0.000 [ Info   ][Logger] Logging is relative to this time.
0.000 [ Info   ][Logger] Loading typekit libraries from directory C:\xde\bin\types ...
0.009 [ Info   ][TypekitRepository::Import] Loading Transport CORBA://rtt-types.
0.009 [ Info   ][Logger] Loaded RTT TypeKit/Transport 'rtt-corba-types' from 'rtt-transport-corba'
0.009 [ Info   ][TypekitRepository::Import] Loading Typekit rtt-types.
0.009 [ Info   ][TypekitRepository::Import] Registered new 'CORBA' transport for int
0.009 [ Info   ][TypekitRepository::Import] Registered new 'CORBA' transport for uint
0.009 [ Info   ][TypekitRepository::Import] Registered new 'CORBA' transport for double
0.009 [ Info   ][TypekitRepository::Import] Registered new 'CORBA' transport for float
0.009 [ Info   ][TypekitRepository::Import] Registered new 'CORBA' transport for char
0.009 [ Info   ][TypekitRepository::Import] Registered new 'CORBA' transport for bool
0.009 [ Info   ][TypekitRepository::Import] Registered new 'CORBA' transport for void
0.010 [ Info   ][TypekitRepository::Import] Registered new 'CORBA' transport for ConnPolicy
0.010 [ Info   ][TypekitRepository::Import] Registered new 'CORBA' transport for TaskContext
0.010 [ Info   ][TypekitRepository::Import] Registered new 'CORBA' transport for string
0.010 [ Info   ][TypekitRepository::Import] Registered new 'CORBA' transport for array
0.010 [ Info   ][Logger] Loaded RTT TypeKit/Transport 'rtt-types' from 'rtt-typekit'
0.010 [ Info   ][TypekitRepository::Import] Loading Transport CORBA://xde/corba.
0.010 [ Info   ][Logger] Loaded RTT TypeKit/Transport 'XDECorbaPlugin' from 'XDE-transport-corba'
0.011 [ Info   ][TypekitRepository::Import] Loading Typekit XDETypekitPlugin.
0.011 [ Info   ][TypekitRepository::Import] Registered new 'CORBA' transport for Vector3d
0.011 [ Info   ][TypekitRepository::Import] Registered new 'CORBA' transport for Vector4d
0.012 [ Info   ][TypekitRepository::Import] Registered new 'CORBA' transport for MatrixXd
0.012 [ Info   ][TypekitRepository::Import] Registered new 'CORBA' transport for VectorXd
0.012 [ Info   ][TypekitRepository::Import] Registered new 'CORBA' transport for Matrix4d
0.012 [ Info   ][TypekitRepository::Import] Registered new 'CORBA' transport for Matrix6d
0.012 [ Info   ][TypekitRepository::Import] Registered new 'CORBA' transport for Matrix6Xd
0.012 [ Info   ][TypekitRepository::Import] Registered new 'CORBA' transport for Vector4d
0.012 [ Info   ][TypekitRepository::Import] Registered new 'CORBA' transport for Rotation3d
0.012 [ Info   ][TypekitRepository::Import] Registered new 'CORBA' transport for AngularVelocityd
0.012 [ Info   ][TypekitRepository::Import] Registered new 'CORBA' transport for Displacementd
0.012 [ Info   ][TypekitRepository::Import] Registered new 'CORBA' transport for Twistd
0.012 [ Info   ][TypekitRepository::Import] Registered new 'CORBA' transport for Torqued
0.012 [ Info   ][TypekitRepository::Import] Registered new 'CORBA' transport for Wrenchd
0.012 [ Info   ][TypekitRepository::Import] Registered new 'CORBA' transport for ptree
0.012 [ Info   ][TypekitRepository::Import] Registered new 'CORBA' transport for Msg
0.012 [ Info   ][TypekitRepository::Import] Registered new 'CORBA' transport for SMsg
0.012 [ Info   ][TypekitRepository::Import] Registered new 'CORBA' transport for vector_string
0.012 [ Info   ][TypekitRepository::Import] Registered new 'CORBA' transport for vector_int
0.012 [ Info   ][TypekitRepository::Import] Registered new 'CORBA' transport for map_string_string
0.012 [ Info   ][TypekitRepository::Import] Registered new 'CORBA' transport for map_string_double
0.012 [ Info   ][TypekitRepository::Import] Registered new 'CORBA' transport for pair_int_int
0.012 [ Info   ][TypekitRepository::Import] Registered new 'CORBA' transport for vector_pair_string_string
0.012 [ Info   ][TypekitRepository::Import] Registered new 'CORBA' transport for map_string_Displacementd
0.012 [ Info   ][TypekitRepository::Import] Registered new 'CORBA' transport for pair_vector_float_vector_uint
0.012 [ Info   ][TypekitRepository::Import] Registered new 'CORBA' transport for vector_Displacementd
0.012 [ Info   ][TypekitRepository::Import] Registered new 'CORBA' transport for vector_Twistd
0.012 [ Info   ][TypekitRepository::Import] Registered new 'CORBA' transport for vector_pair_Displacementd_string
0.012 [ Info   ][TypekitRepository::Import] Registered new 'CORBA' transport for vector_pair_string_int
0.012 [ Info   ][TypekitRepository::Import] Registered new 'CORBA' transport for vector_pair_int_Displacementd
0.013 [ Info   ][TypekitRepository::Import] Registered new 'CORBA' transport for vector_pair_pair_Displacementd_Twistd_string
0.013 [ Info   ][Logger] Loaded RTT TypeKit/Transport 'XDETypekitPlugin' from 'XDE-typekit'
0.013 [ Info   ][Logger] Loading plugin libraries from directory C:\xde\bin\plugins ...
0.013 [ Info   ][Logger] Loaded RTT Service 'marshalling' from 'rtt-marshalling'
0.014 [ Info   ][Logger] Loaded RTT Service 'scripting' from 'rtt-scripting'
0.067 [ Info   ][Thread] Creating Thread for scheduler=1, priority=0, CPU affinity=0, with name='deployment'
0.067 [ Info   ][deployment] Thread created with scheduler type '1', priority 0, cpu affinity 4294967295 and period 0.
0.067 [ Info   ][Thread] Creating Thread for scheduler=1, priority=0, CPU affinity=0, with name='GlobalEngine'
0.067 [ Info   ][GlobalEngine] Thread created with scheduler type '1', priority 0, cpu affinity 4294967295 and period 0.
0.068 [ Info   ][DeploymentComponent::configure] No RTT_COMPONENT_PATH set. Using default.
0.068 [ Info   ][DeploymentComponent::configure] RTT_COMPONENT_PATH was set to D:/buildbot/install/orocos-rtt/win32-vc10/lib/orocos
0.068 [ Info   ][DeploymentComponent::configure] Re-scanning for plugins and components...
0.068 [ Info   ][Logger] No site file was found. Importing 'ocl' by default.
0.068 [ ERROR  ][DeploymentComponent::import] No such package or directory found in search path: ocl. Search path is: 
0.068 [ ERROR  ][DeploymentComponent::import] D:/buildbot/install/orocos-rtt/win32-vc10/lib/orocos;.
0.068 [ ERROR  ][DeploymentComponent::import] D:/buildbot/install/orocos-rtt/win32-vc10/lib/orocos\ocl
0.068 [ ERROR  ][DeploymentComponent::import] D:/buildbot/install/orocos-rtt/win32-vc10/lib/orocos\win32\ocl
0.068 [ ERROR  ][DeploymentComponent::import] .\ocl
0.068 [ ERROR  ][DeploymentComponent::import] .\win32\ocl
0.230 [ Info   ][DeploymentComponent::import] Loaded component type 'dsimi::physics::PhysicAgent'
0.230 [ Info   ][Thread] Creating Thread for scheduler=1, priority=0, CPU affinity=0, with name='physic'
0.230 [ Info   ][physic] Thread created with scheduler type '1', priority 0, cpu affinity 4294967295 and period 0.
0.230 [ Info   ][Thread] Creating Thread for scheduler=1, priority=0, CPU affinity=0, with name='physic.lock_task'
0.231 [ Info   ][physic.lock_task] Thread created with scheduler type '1', priority 0, cpu affinity 4294967295 and period 0.
0.231 [ Info   ][Thread] Creating Thread for scheduler=0, priority=0, CPU affinity=0, with name='Activity'
0.231 [ Info   ][Activity] Thread created with scheduler type '0', priority 0, cpu affinity 4294967295 and period 0.01.
0.235 [ Warning][Service::addLocalOperation] While adding Operation: 'setPeriod': replacing previously added operation.
0.240 [ Info   ][DeploymentComponent::loadComponent] Adding physic as new peer:  OK.
0.314 [ Info   ][DeploymentComponent::import] Loaded component type 'dsimi::graphics::GraphicAgent'
0.314 [ Info   ][Thread] Creating Thread for scheduler=1, priority=0, CPU affinity=0, with name='graphic'
0.314 [ Info   ][graphic] Thread created with scheduler type '1', priority 0, cpu affinity 4294967295 and period 0.
0.315 [ Info   ][Thread] Creating Thread for scheduler=1, priority=0, CPU affinity=0, with name='graphic.lock_task'
0.315 [ Info   ][graphic.lock_task] Thread created with scheduler type '1', priority 0, cpu affinity 4294967295 and period 0.
0.317 [ Info   ][Thread] Creating Thread for scheduler=0, priority=0, CPU affinity=0, with name='Activity'
0.317 [ Info   ][Activity] Thread created with scheduler type '0', priority 0, cpu affinity 4294967295 and period 0.1.
0.317 [ Info   ][Thread] Creating Thread for scheduler=1, priority=0, CPU affinity=0, with name='dio/factory/graphic_KMfactory'
0.317 [ Info   ][dio/factory/graphic_KMfactory] Thread created with scheduler type '1', priority 0, cpu affinity 4294967295 and period 0.
0.317 [ Info   ][dio/factory/graphic_KMfactory] Creating factory: graphic_KMfactory
0.317 [ Info   ][DeploymentComponent::loadComponent] Adding graphic as new peer:  OK.
6.661 [ Info   ][Thread] Creating Thread for scheduler=1, priority=0, CPU affinity=0, with name='MyController'
6.662 [ Info   ][MyController] Thread created with scheduler type '1', priority 0, cpu affinity 4294967295 and period 0.
6.677 [ Info   ][DeploymentComponent::import] Loaded component type 'dio::Clock'
6.677 [ Info   ][Thread] Creating Thread for scheduler=1, priority=0, CPU affinity=0, with name='dio/component/clock'
6.678 [ Info   ][dio/component/clock] Thread created with scheduler type '1', priority 0, cpu affinity 4294967295 and period 0.
6.678 [ Info   ][dio/component/clock] Creating component: clock
6.679 [ Info   ][Thread] Creating Thread for scheduler=1, priority=0, CPU affinity=0, with name='Activity'
6.679 [ Info   ][Activity] Thread created with scheduler type '1', priority 0, cpu affinity 4294967295 and period 0.
6.680 [ Warning][Service::addLocalOperation] While adding Operation: 'setPeriod': replacing previously added operation.
6.697 [ Info   ][DeploymentComponent::loadComponent] Adding dio/component/clock as new peer:  OK.
6.719 [ Warning][Logger] 'addPort' p1_tau: name already in use. Disconnecting and replacing previous port with new one.
6.729 [ Warning][Logger] 'addPort' clock_trigger: name already in use. Disconnecting and replacing previous port with new one.
