#### start assemblyMon Apr  9 00:30:53 2012

#### start redimensionning symboliv matrix Mon Apr  9 00:30:53 2012

#### stop assemblyMon Apr  9 00:30:53 2012

#### start assemblyMon Apr  9 00:32:40 2012

#### start redimensionning symboliv matrix Mon Apr  9 00:32:40 2012

#### stop assemblyMon Apr  9 00:32:40 2012

#### start assemblyMon Apr  9 00:37:05 2012

#### start redimensionning symboliv matrix Mon Apr  9 00:37:05 2012

#### stop assemblyMon Apr  9 00:37:05 2012

#### start assemblyMon Apr  9 00:38:13 2012

#### start redimensionning symboliv matrix Mon Apr  9 00:38:13 2012

#### stop assemblyMon Apr  9 00:38:13 2012

#### start assemblyTue Apr 10 10:50:38 2012

#### start redimensionning symboliv matrix Tue Apr 10 10:50:38 2012

#### stop assemblyTue Apr 10 10:50:38 2012

#### start assemblyTue Apr 10 10:50:38 2012

#### start redimensionning symboliv matrix Tue Apr 10 10:50:38 2012

#### stop assemblyTue Apr 10 10:50:38 2012

#### start assemblyTue Apr 10 10:52:03 2012

#### start redimensionning symboliv matrix Tue Apr 10 10:52:03 2012

#### stop assemblyTue Apr 10 10:52:03 2012

#### start assemblyTue Apr 10 10:54:43 2012

#### start redimensionning symboliv matrix Tue Apr 10 10:54:43 2012

#### stop assemblyTue Apr 10 10:54:43 2012

#### start assemblyTue Apr 10 10:58:53 2012

#### start redimensionning symboliv matrix Tue Apr 10 10:58:53 2012

#### stop assemblyTue Apr 10 10:58:53 2012

#### start assemblyTue Apr 10 10:58:53 2012

#### start redimensionning symboliv matrix Tue Apr 10 10:58:53 2012

#### stop assemblyTue Apr 10 10:58:53 2012

#### start assemblyTue Apr 10 10:59:30 2012

#### start redimensionning symboliv matrix Tue Apr 10 10:59:30 2012

#### stop assemblyTue Apr 10 10:59:30 2012

#### start assemblyTue Apr 10 10:59:30 2012

#### start redimensionning symboliv matrix Tue Apr 10 10:59:30 2012

#### stop assemblyTue Apr 10 10:59:30 2012

#### start assemblyTue Apr 10 11:00:14 2012

#### start redimensionning symboliv matrix Tue Apr 10 11:00:14 2012

#### stop assemblyTue Apr 10 11:00:14 2012

#### start assemblyTue Apr 10 11:00:14 2012

#### start redimensionning symboliv matrix Tue Apr 10 11:00:14 2012

#### stop assemblyTue Apr 10 11:00:14 2012

#### start assemblyTue Apr 10 11:01:18 2012

#### start redimensionning symboliv matrix Tue Apr 10 11:01:18 2012

#### stop assemblyTue Apr 10 11:01:18 2012

#### start assemblyTue Apr 10 11:01:18 2012

#### start redimensionning symboliv matrix Tue Apr 10 11:01:18 2012

#### stop assemblyTue Apr 10 11:01:18 2012

#### start assemblyTue Apr 10 11:02:07 2012

#### start redimensionning symboliv matrix Tue Apr 10 11:02:07 2012

#### stop assemblyTue Apr 10 11:02:07 2012

#### start assemblyTue Apr 10 11:02:07 2012

#### start redimensionning symboliv matrix Tue Apr 10 11:02:07 2012

#### stop assemblyTue Apr 10 11:02:07 2012

#### start assemblyTue Apr 10 11:02:37 2012

#### start redimensionning symboliv matrix Tue Apr 10 11:02:37 2012

#### stop assemblyTue Apr 10 11:02:37 2012

#### start assemblyTue Apr 10 11:02:37 2012

#### start redimensionning symboliv matrix Tue Apr 10 11:02:37 2012

#### stop assemblyTue Apr 10 11:02:37 2012

#### start assemblyTue Apr 10 16:06:21 2012

#### start redimensionning symboliv matrix Tue Apr 10 16:06:21 2012

#### stop assemblyTue Apr 10 16:06:21 2012

#### start assemblyTue Apr 10 16:06:22 2012

#### start redimensionning symboliv matrix Tue Apr 10 16:06:22 2012

#### stop assemblyTue Apr 10 16:06:22 2012

#### start assemblyTue Apr 10 16:08:11 2012

#### start redimensionning symboliv matrix Tue Apr 10 16:08:11 2012

#### stop assemblyTue Apr 10 16:08:11 2012

#### start assemblyTue Apr 10 16:08:11 2012

#### start redimensionning symboliv matrix Tue Apr 10 16:08:11 2012

#### stop assemblyTue Apr 10 16:08:11 2012

#### start assemblyTue Apr 10 16:09:13 2012

#### start redimensionning symboliv matrix Tue Apr 10 16:09:13 2012

#### stop assemblyTue Apr 10 16:09:13 2012

#### start assemblyTue Apr 10 16:09:13 2012

#### start redimensionning symboliv matrix Tue Apr 10 16:09:13 2012

#### stop assemblyTue Apr 10 16:09:13 2012

#### start assemblyTue Apr 10 16:13:34 2012

#### start redimensionning symboliv matrix Tue Apr 10 16:13:34 2012

#### stop assemblyTue Apr 10 16:13:34 2012

#### start assemblyTue Apr 10 16:14:37 2012

#### start redimensionning symboliv matrix Tue Apr 10 16:14:37 2012

#### stop assemblyTue Apr 10 16:14:37 2012

#### start assemblyTue Apr 10 16:15:12 2012

#### start redimensionning symboliv matrix Tue Apr 10 16:15:12 2012

#### stop assemblyTue Apr 10 16:15:12 2012

#### start assemblyTue Apr 10 16:15:49 2012

#### start redimensionning symboliv matrix Tue Apr 10 16:15:49 2012

#### stop assemblyTue Apr 10 16:15:49 2012

#### start assemblyTue Apr 10 16:28:57 2012

#### start redimensionning symboliv matrix Tue Apr 10 16:28:57 2012

#### stop assemblyTue Apr 10 16:28:57 2012

#### start assemblyTue Apr 10 16:33:42 2012

#### start redimensionning symboliv matrix Tue Apr 10 16:33:42 2012

#### stop assemblyTue Apr 10 16:33:42 2012

#### start assemblyTue Apr 10 16:36:30 2012

#### start redimensionning symboliv matrix Tue Apr 10 16:36:30 2012

#### stop assemblyTue Apr 10 16:36:30 2012

#### start assemblyTue Apr 10 16:36:51 2012

#### start redimensionning symboliv matrix Tue Apr 10 16:36:51 2012

#### stop assemblyTue Apr 10 16:36:51 2012

#### start assemblyTue Apr 10 16:36:52 2012

#### start redimensionning symboliv matrix Tue Apr 10 16:36:52 2012

#### stop assemblyTue Apr 10 16:36:52 2012

#### start assemblyTue Apr 10 18:12:09 2012

#### start redimensionning symboliv matrix Tue Apr 10 18:12:09 2012

#### stop assemblyTue Apr 10 18:12:09 2012

#### start assemblyTue Apr 10 18:12:10 2012

#### start redimensionning symboliv matrix Tue Apr 10 18:12:10 2012

#### stop assemblyTue Apr 10 18:12:10 2012

