#### start assemblyMon Apr  9 01:16:58 2012

#### start redimensionning symboliv matrix Mon Apr  9 01:16:58 2012

#### stop assemblyMon Apr  9 01:16:58 2012

#### start assemblyMon Apr  9 01:17:23 2012

#### start redimensionning symboliv matrix Mon Apr  9 01:17:23 2012

#### stop assemblyMon Apr  9 01:17:23 2012

#### start assemblyMon Apr  9 01:18:00 2012

#### start redimensionning symboliv matrix Mon Apr  9 01:18:00 2012

#### stop assemblyMon Apr  9 01:18:00 2012

#### start assemblyMon Apr  9 01:18:21 2012

#### start redimensionning symboliv matrix Mon Apr  9 01:18:21 2012

#### stop assemblyMon Apr  9 01:18:21 2012

#### start assemblyMon Apr  9 01:18:49 2012

#### start redimensionning symboliv matrix Mon Apr  9 01:18:49 2012

#### stop assemblyMon Apr  9 01:18:49 2012

#### start assemblyMon Apr  9 01:19:13 2012

#### start redimensionning symboliv matrix Mon Apr  9 01:19:13 2012

#### stop assemblyMon Apr  9 01:19:13 2012

#### start assemblyMon Apr  9 01:20:50 2012

#### start redimensionning symboliv matrix Mon Apr  9 01:20:50 2012

#### stop assemblyMon Apr  9 01:20:50 2012

#### start assemblyMon Apr  9 01:21:24 2012

#### start redimensionning symboliv matrix Mon Apr  9 01:21:24 2012

#### stop assemblyMon Apr  9 01:21:24 2012

#### start assemblyMon Apr  9 01:24:49 2012

#### start redimensionning symboliv matrix Mon Apr  9 01:24:49 2012

#### stop assemblyMon Apr  9 01:24:49 2012

#### start assemblyMon Apr  9 01:48:31 2012

#### start redimensionning symboliv matrix Mon Apr  9 01:48:31 2012

#### stop assemblyMon Apr  9 01:48:31 2012

#### start assemblyMon Apr  9 01:59:43 2012

#### start redimensionning symboliv matrix Mon Apr  9 01:59:43 2012

#### stop assemblyMon Apr  9 01:59:43 2012

#### start assemblyMon Apr  9 02:00:26 2012

#### start redimensionning symboliv matrix Mon Apr  9 02:00:26 2012

#### stop assemblyMon Apr  9 02:00:26 2012

#### start assemblyMon Apr  9 02:04:43 2012

#### start redimensionning symboliv matrix Mon Apr  9 02:04:44 2012

#### stop assemblyMon Apr  9 02:04:44 2012

#### start assemblyMon Apr  9 02:08:41 2012

#### start redimensionning symboliv matrix Mon Apr  9 02:08:41 2012

#### stop assemblyMon Apr  9 02:08:41 2012

#### start assemblyMon Apr  9 02:17:22 2012

#### start redimensionning symboliv matrix Mon Apr  9 02:17:22 2012

#### stop assemblyMon Apr  9 02:17:22 2012

#### start assemblyMon Apr  9 02:18:07 2012

#### start redimensionning symboliv matrix Mon Apr  9 02:18:07 2012

#### stop assemblyMon Apr  9 02:18:07 2012

#### start assemblyMon Apr  9 02:19:10 2012

#### start redimensionning symboliv matrix Mon Apr  9 02:19:10 2012

#### stop assemblyMon Apr  9 02:19:10 2012

#### start assemblyMon Apr  9 02:21:00 2012

#### start redimensionning symboliv matrix Mon Apr  9 02:21:00 2012

#### stop assemblyMon Apr  9 02:21:00 2012

#### start assemblyMon Apr  9 02:25:42 2012

#### start redimensionning symboliv matrix Mon Apr  9 02:25:42 2012

#### stop assemblyMon Apr  9 02:25:42 2012

#### start assemblyMon Apr  9 02:26:27 2012

#### start redimensionning symboliv matrix Mon Apr  9 02:26:27 2012

#### stop assemblyMon Apr  9 02:26:27 2012

#### start assemblyMon Apr  9 02:27:07 2012

#### start redimensionning symboliv matrix Mon Apr  9 02:27:07 2012

#### stop assemblyMon Apr  9 02:27:07 2012

#### start assemblyMon Apr  9 02:28:00 2012

#### start redimensionning symboliv matrix Mon Apr  9 02:28:00 2012

#### stop assemblyMon Apr  9 02:28:00 2012

#### start assemblyTue Apr 10 09:55:57 2012

#### start redimensionning symboliv matrix Tue Apr 10 09:55:57 2012

#### stop assemblyTue Apr 10 09:55:57 2012

#### start assemblyTue Apr 10 10:02:38 2012

#### start redimensionning symboliv matrix Tue Apr 10 10:02:38 2012

#### stop assemblyTue Apr 10 10:02:38 2012

#### start assemblyTue Apr 10 10:03:58 2012

#### start redimensionning symboliv matrix Tue Apr 10 10:03:58 2012

#### stop assemblyTue Apr 10 10:03:58 2012

