#### start assemblySun Apr  8 14:43:06 2012

#### start redimensionning symboliv matrix Sun Apr  8 14:43:06 2012

#### stop assemblySun Apr  8 14:43:06 2012

#### start assemblySun Apr  8 14:50:19 2012

#### start redimensionning symboliv matrix Sun Apr  8 14:50:19 2012

#### stop assemblySun Apr  8 14:50:19 2012

#### start assemblySun Apr  8 14:52:54 2012

#### start redimensionning symboliv matrix Sun Apr  8 14:52:54 2012

#### stop assemblySun Apr  8 14:52:54 2012

#### start assemblySun Apr  8 14:57:38 2012

#### start redimensionning symboliv matrix Sun Apr  8 14:57:38 2012

#### stop assemblySun Apr  8 14:57:38 2012

#### start assemblySun Apr  8 16:05:08 2012

#### start redimensionning symboliv matrix Sun Apr  8 16:05:08 2012

#### stop assemblySun Apr  8 16:05:08 2012

#### start assemblySun Apr  8 16:32:24 2012

#### start redimensionning symboliv matrix Sun Apr  8 16:32:24 2012

#### stop assemblySun Apr  8 16:32:24 2012

#### start assemblySun Apr  8 16:35:24 2012

#### start redimensionning symboliv matrix Sun Apr  8 16:35:24 2012

#### stop assemblySun Apr  8 16:35:24 2012

#### start assemblySun Apr  8 16:39:51 2012

#### start redimensionning symboliv matrix Sun Apr  8 16:39:51 2012

#### stop assemblySun Apr  8 16:39:51 2012

#### start assemblySun Apr  8 16:40:11 2012

#### start redimensionning symboliv matrix Sun Apr  8 16:40:11 2012

#### stop assemblySun Apr  8 16:40:11 2012

#### start assemblySun Apr  8 16:42:04 2012

#### start redimensionning symboliv matrix Sun Apr  8 16:42:04 2012

#### stop assemblySun Apr  8 16:42:04 2012

#### start assemblySun Apr  8 16:42:50 2012

#### start redimensionning symboliv matrix Sun Apr  8 16:42:50 2012

#### stop assemblySun Apr  8 16:42:50 2012

#### start assemblySun Apr  8 16:43:45 2012

#### start redimensionning symboliv matrix Sun Apr  8 16:43:45 2012

#### stop assemblySun Apr  8 16:43:45 2012

#### start assemblySun Apr  8 16:45:25 2012

#### start redimensionning symboliv matrix Sun Apr  8 16:45:25 2012

#### stop assemblySun Apr  8 16:45:25 2012

#### start assemblySun Apr  8 16:55:00 2012

#### start redimensionning symboliv matrix Sun Apr  8 16:55:00 2012

#### stop assemblySun Apr  8 16:55:00 2012

#### start assemblySun Apr  8 16:56:42 2012

#### start redimensionning symboliv matrix Sun Apr  8 16:56:42 2012

#### stop assemblySun Apr  8 16:56:42 2012

#### start assemblySun Apr  8 16:57:21 2012

#### start redimensionning symboliv matrix Sun Apr  8 16:57:21 2012

#### stop assemblySun Apr  8 16:57:21 2012

#### start assemblySun Apr  8 16:58:07 2012

#### start redimensionning symboliv matrix Sun Apr  8 16:58:07 2012

#### stop assemblySun Apr  8 16:58:07 2012

#### start assemblySun Apr  8 16:58:45 2012

#### start redimensionning symboliv matrix Sun Apr  8 16:58:45 2012

#### stop assemblySun Apr  8 16:58:45 2012

#### start assemblySun Apr  8 16:59:10 2012

#### start redimensionning symboliv matrix Sun Apr  8 16:59:10 2012

#### stop assemblySun Apr  8 16:59:10 2012

#### start assemblySun Apr  8 16:59:35 2012

#### start redimensionning symboliv matrix Sun Apr  8 16:59:35 2012

#### stop assemblySun Apr  8 16:59:35 2012

#### start assemblySun Apr  8 17:01:00 2012

#### start redimensionning symboliv matrix Sun Apr  8 17:01:00 2012

#### stop assemblySun Apr  8 17:01:00 2012

#### start assemblySun Apr  8 17:01:34 2012

#### start redimensionning symboliv matrix Sun Apr  8 17:01:34 2012

#### stop assemblySun Apr  8 17:01:34 2012

#### start assemblySun Apr  8 17:02:13 2012

#### start redimensionning symboliv matrix Sun Apr  8 17:02:13 2012

#### stop assemblySun Apr  8 17:02:13 2012

#### start assemblySun Apr  8 17:03:13 2012

#### start redimensionning symboliv matrix Sun Apr  8 17:03:13 2012

#### stop assemblySun Apr  8 17:03:13 2012

#### start assemblySun Apr  8 17:05:09 2012

#### start redimensionning symboliv matrix Sun Apr  8 17:05:09 2012

#### stop assemblySun Apr  8 17:05:09 2012

#### start assemblySun Apr  8 17:05:44 2012

#### start redimensionning symboliv matrix Sun Apr  8 17:05:44 2012

#### stop assemblySun Apr  8 17:05:44 2012

#### start assemblySun Apr  8 17:06:02 2012

#### start redimensionning symboliv matrix Sun Apr  8 17:06:02 2012

#### stop assemblySun Apr  8 17:06:02 2012

#### start assemblySun Apr  8 17:06:49 2012

#### start redimensionning symboliv matrix Sun Apr  8 17:06:49 2012

#### stop assemblySun Apr  8 17:06:49 2012

#### start assemblySun Apr  8 17:07:04 2012

#### start redimensionning symboliv matrix Sun Apr  8 17:07:04 2012

#### stop assemblySun Apr  8 17:07:04 2012

#### start assemblySun Apr  8 17:07:35 2012

#### start redimensionning symboliv matrix Sun Apr  8 17:07:35 2012

#### stop assemblySun Apr  8 17:07:35 2012

#### start assemblySun Apr  8 17:09:04 2012

#### start redimensionning symboliv matrix Sun Apr  8 17:09:04 2012

#### stop assemblySun Apr  8 17:09:04 2012

#### start assemblySun Apr  8 21:46:57 2012

#### start redimensionning symboliv matrix Sun Apr  8 21:46:57 2012

#### stop assemblySun Apr  8 21:46:57 2012

#### start assemblyTue Apr 10 09:46:06 2012

#### start redimensionning symboliv matrix Tue Apr 10 09:46:06 2012

#### stop assemblyTue Apr 10 09:46:06 2012

