0.000 [ Info   ][Logger] No ORO_LOGLEVEL environment variable set.
0.000 [ Info   ][Logger]  OROCOS version '2.5.0'Orocos Logging Activated at level : [ Warning] ( 4 ) 
0.000 [ Info   ][Logger] Reference System Time is : 5795210089579 ticks ( 5795.21 seconds ).
0.000 [ Info   ][Logger] Logging is relative to this time.
0.000 [ Info   ][Logger] Loading typekit libraries from directory C:\xde\bin\types ...
0.010 [ Info   ][TypekitRepository::Import] Loading Transport CORBA://rtt-types.
0.010 [ Info   ][Logger] Loaded RTT TypeKit/Transport 'rtt-corba-types' from 'rtt-transport-corba'
0.011 [ Info   ][TypekitRepository::Import] Loading Typekit rtt-types.
0.011 [ Info   ][TypekitRepository::Import] Registered new 'CORBA' transport for int
0.011 [ Info   ][TypekitRepository::Import] Registered new 'CORBA' transport for uint
0.011 [ Info   ][TypekitRepository::Import] Registered new 'CORBA' transport for double
0.011 [ Info   ][TypekitRepository::Import] Registered new 'CORBA' transport for float
0.011 [ Info   ][TypekitRepository::Import] Registered new 'CORBA' transport for char
0.011 [ Info   ][TypekitRepository::Import] Registered new 'CORBA' transport for bool
0.011 [ Info   ][TypekitRepository::Import] Registered new 'CORBA' transport for void
0.011 [ Info   ][TypekitRepository::Import] Registered new 'CORBA' transport for ConnPolicy
0.011 [ Info   ][TypekitRepository::Import] Registered new 'CORBA' transport for TaskContext
0.011 [ Info   ][TypekitRepository::Import] Registered new 'CORBA' transport for string
0.011 [ Info   ][TypekitRepository::Import] Registered new 'CORBA' transport for array
0.011 [ Info   ][Logger] Loaded RTT TypeKit/Transport 'rtt-types' from 'rtt-typekit'
0.012 [ Info   ][TypekitRepository::Import] Loading Transport CORBA://xde/corba.
0.012 [ Info   ][Logger] Loaded RTT TypeKit/Transport 'XDECorbaPlugin' from 'XDE-transport-corba'
0.013 [ Info   ][TypekitRepository::Import] Loading Typekit XDETypekitPlugin.
0.013 [ Info   ][TypekitRepository::Import] Registered new 'CORBA' transport for Vector3d
0.013 [ Info   ][TypekitRepository::Import] Registered new 'CORBA' transport for Vector4d
0.013 [ Info   ][TypekitRepository::Import] Registered new 'CORBA' transport for MatrixXd
0.013 [ Info   ][TypekitRepository::Import] Registered new 'CORBA' transport for VectorXd
0.013 [ Info   ][TypekitRepository::Import] Registered new 'CORBA' transport for Matrix4d
0.013 [ Info   ][TypekitRepository::Import] Registered new 'CORBA' transport for Matrix6d
0.013 [ Info   ][TypekitRepository::Import] Registered new 'CORBA' transport for Matrix6Xd
0.013 [ Info   ][TypekitRepository::Import] Registered new 'CORBA' transport for Vector4d
0.013 [ Info   ][TypekitRepository::Import] Registered new 'CORBA' transport for Rotation3d
0.013 [ Info   ][TypekitRepository::Import] Registered new 'CORBA' transport for AngularVelocityd
0.013 [ Info   ][TypekitRepository::Import] Registered new 'CORBA' transport for Displacementd
0.013 [ Info   ][TypekitRepository::Import] Registered new 'CORBA' transport for Twistd
0.014 [ Info   ][TypekitRepository::Import] Registered new 'CORBA' transport for Torqued
0.014 [ Info   ][TypekitRepository::Import] Registered new 'CORBA' transport for Wrenchd
0.014 [ Info   ][TypekitRepository::Import] Registered new 'CORBA' transport for ptree
0.014 [ Info   ][TypekitRepository::Import] Registered new 'CORBA' transport for Msg
0.014 [ Info   ][TypekitRepository::Import] Registered new 'CORBA' transport for SMsg
0.014 [ Info   ][TypekitRepository::Import] Registered new 'CORBA' transport for vector_string
0.014 [ Info   ][TypekitRepository::Import] Registered new 'CORBA' transport for vector_int
0.014 [ Info   ][TypekitRepository::Import] Registered new 'CORBA' transport for map_string_string
0.014 [ Info   ][TypekitRepository::Import] Registered new 'CORBA' transport for map_string_double
0.014 [ Info   ][TypekitRepository::Import] Registered new 'CORBA' transport for pair_int_int
0.014 [ Info   ][TypekitRepository::Import] Registered new 'CORBA' transport for vector_pair_string_string
0.014 [ Info   ][TypekitRepository::Import] Registered new 'CORBA' transport for map_string_Displacementd
0.014 [ Info   ][TypekitRepository::Import] Registered new 'CORBA' transport for pair_vector_float_vector_uint
0.014 [ Info   ][TypekitRepository::Import] Registered new 'CORBA' transport for vector_Displacementd
0.014 [ Info   ][TypekitRepository::Import] Registered new 'CORBA' transport for vector_Twistd
0.014 [ Info   ][TypekitRepository::Import] Registered new 'CORBA' transport for vector_pair_Displacementd_string
0.014 [ Info   ][TypekitRepository::Import] Registered new 'CORBA' transport for vector_pair_string_int
0.014 [ Info   ][TypekitRepository::Import] Registered new 'CORBA' transport for vector_pair_int_Displacementd
0.014 [ Info   ][TypekitRepository::Import] Registered new 'CORBA' transport for vector_pair_pair_Displacementd_Twistd_string
0.014 [ Info   ][Logger] Loaded RTT TypeKit/Transport 'XDETypekitPlugin' from 'XDE-typekit'
0.015 [ Info   ][Logger] Loading plugin libraries from directory C:\xde\bin\plugins ...
0.015 [ Info   ][Logger] Loaded RTT Service 'marshalling' from 'rtt-marshalling'
0.016 [ Info   ][Logger] Loaded RTT Service 'scripting' from 'rtt-scripting'
0.071 [ Info   ][Thread] Creating Thread for scheduler=1, priority=0, CPU affinity=0, with name='deployment'
0.071 [ Info   ][deployment] Thread created with scheduler type '1', priority 0, cpu affinity 4294967295 and period 0.
0.071 [ Info   ][Thread] Creating Thread for scheduler=1, priority=0, CPU affinity=0, with name='GlobalEngine'
0.072 [ Info   ][GlobalEngine] Thread created with scheduler type '1', priority 0, cpu affinity 4294967295 and period 0.
0.072 [ Info   ][DeploymentComponent::configure] No RTT_COMPONENT_PATH set. Using default.
0.072 [ Info   ][DeploymentComponent::configure] RTT_COMPONENT_PATH was set to D:/buildbot/install/orocos-rtt/win32-vc10/lib/orocos
0.072 [ Info   ][DeploymentComponent::configure] Re-scanning for plugins and components...
0.072 [ Info   ][Logger] No site file was found. Importing 'ocl' by default.
0.073 [ ERROR  ][DeploymentComponent::import] No such package or directory found in search path: ocl. Search path is: 
0.073 [ ERROR  ][DeploymentComponent::import] D:/buildbot/install/orocos-rtt/win32-vc10/lib/orocos;.
0.073 [ ERROR  ][DeploymentComponent::import] D:/buildbot/install/orocos-rtt/win32-vc10/lib/orocos\ocl
0.073 [ ERROR  ][DeploymentComponent::import] D:/buildbot/install/orocos-rtt/win32-vc10/lib/orocos\win32\ocl
0.073 [ ERROR  ][DeploymentComponent::import] .\ocl
0.073 [ ERROR  ][DeploymentComponent::import] .\win32\ocl
0.241 [ Info   ][DeploymentComponent::import] Loaded component type 'dsimi::physics::PhysicAgent'
0.241 [ Info   ][Thread] Creating Thread for scheduler=1, priority=0, CPU affinity=0, with name='physic'
0.242 [ Info   ][physic] Thread created with scheduler type '1', priority 0, cpu affinity 4294967295 and period 0.
0.242 [ Info   ][Thread] Creating Thread for scheduler=1, priority=0, CPU affinity=0, with name='physic.lock_task'
0.242 [ Info   ][physic.lock_task] Thread created with scheduler type '1', priority 0, cpu affinity 4294967295 and period 0.
0.242 [ Info   ][Thread] Creating Thread for scheduler=0, priority=0, CPU affinity=0, with name='Activity'
0.242 [ Info   ][Activity] Thread created with scheduler type '0', priority 0, cpu affinity 4294967295 and period 0.01.
0.246 [ Warning][Service::addLocalOperation] While adding Operation: 'setPeriod': replacing previously added operation.
0.252 [ Info   ][DeploymentComponent::loadComponent] Adding physic as new peer:  OK.
0.330 [ Info   ][DeploymentComponent::import] Loaded component type 'dsimi::graphics::GraphicAgent'
0.331 [ Info   ][Thread] Creating Thread for scheduler=1, priority=0, CPU affinity=0, with name='graphic'
0.331 [ Info   ][graphic] Thread created with scheduler type '1', priority 0, cpu affinity 4294967295 and period 0.
0.331 [ Info   ][Thread] Creating Thread for scheduler=1, priority=0, CPU affinity=0, with name='graphic.lock_task'
0.331 [ Info   ][graphic.lock_task] Thread created with scheduler type '1', priority 0, cpu affinity 4294967295 and period 0.
0.333 [ Info   ][Thread] Creating Thread for scheduler=0, priority=0, CPU affinity=0, with name='Activity'
0.333 [ Info   ][Activity] Thread created with scheduler type '0', priority 0, cpu affinity 4294967295 and period 0.1.
0.333 [ Info   ][Thread] Creating Thread for scheduler=1, priority=0, CPU affinity=0, with name='dio/factory/graphic_KMfactory'
0.333 [ Info   ][dio/factory/graphic_KMfactory] Thread created with scheduler type '1', priority 0, cpu affinity 4294967295 and period 0.
0.334 [ Info   ][dio/factory/graphic_KMfactory] Creating factory: graphic_KMfactory
0.334 [ Info   ][DeploymentComponent::loadComponent] Adding graphic as new peer:  OK.
6.543 [ Info   ][Thread] Creating Thread for scheduler=1, priority=0, CPU affinity=0, with name='MyController'
6.543 [ Info   ][MyController] Thread created with scheduler type '1', priority 0, cpu affinity 4294967295 and period 0.
