#### start assemblyMon Apr  9 00:30:53 2012

#### start redimensionning symboliv matrix Mon Apr  9 00:30:53 2012

#### stop assemblyMon Apr  9 00:30:53 2012

#### start assemblyMon Apr  9 00:32:40 2012

#### start redimensionning symboliv matrix Mon Apr  9 00:32:40 2012

#### stop assemblyMon Apr  9 00:32:40 2012

#### start assemblyMon Apr  9 00:37:05 2012

#### start redimensionning symboliv matrix Mon Apr  9 00:37:05 2012

#### stop assemblyMon Apr  9 00:37:05 2012

#### start assemblyMon Apr  9 00:38:13 2012

#### start redimensionning symboliv matrix Mon Apr  9 00:38:13 2012

#### stop assemblyMon Apr  9 00:38:13 2012

#### start assemblyTue Apr 10 10:50:38 2012

#### start redimensionning symboliv matrix Tue Apr 10 10:50:38 2012

#### stop assemblyTue Apr 10 10:50:38 2012

#### start assemblyTue Apr 10 10:50:38 2012

#### start redimensionning symboliv matrix Tue Apr 10 10:50:38 2012

#### stop assemblyTue Apr 10 10:50:38 2012

#### start assemblyTue Apr 10 10:52:03 2012

#### start redimensionning symboliv matrix Tue Apr 10 10:52:03 2012

#### stop assemblyTue Apr 10 10:52:03 2012

#### start assemblyTue Apr 10 10:54:43 2012

#### start redimensionning symboliv matrix Tue Apr 10 10:54:43 2012

#### stop assemblyTue Apr 10 10:54:43 2012

#### start assemblyTue Apr 10 10:58:53 2012

#### start redimensionning symboliv matrix Tue Apr 10 10:58:53 2012

#### stop assemblyTue Apr 10 10:58:53 2012

#### start assemblyTue Apr 10 10:58:53 2012

#### start redimensionning symboliv matrix Tue Apr 10 10:58:53 2012

#### stop assemblyTue Apr 10 10:58:53 2012

#### start assemblyTue Apr 10 10:59:30 2012

#### start redimensionning symboliv matrix Tue Apr 10 10:59:30 2012

#### stop assemblyTue Apr 10 10:59:30 2012

#### start assemblyTue Apr 10 10:59:30 2012

#### start redimensionning symboliv matrix Tue Apr 10 10:59:30 2012

#### stop assemblyTue Apr 10 10:59:30 2012

#### start assemblyTue Apr 10 11:00:14 2012

#### start redimensionning symboliv matrix Tue Apr 10 11:00:14 2012

#### stop assemblyTue Apr 10 11:00:14 2012

#### start assemblyTue Apr 10 11:00:14 2012

#### start redimensionning symboliv matrix Tue Apr 10 11:00:14 2012

#### stop assemblyTue Apr 10 11:00:14 2012

#### start assemblyTue Apr 10 11:01:18 2012

#### start redimensionning symboliv matrix Tue Apr 10 11:01:18 2012

#### stop assemblyTue Apr 10 11:01:18 2012

#### start assemblyTue Apr 10 11:01:18 2012

#### start redimensionning symboliv matrix Tue Apr 10 11:01:18 2012

#### stop assemblyTue Apr 10 11:01:18 2012

#### start assemblyTue Apr 10 11:02:07 2012

#### start redimensionning symboliv matrix Tue Apr 10 11:02:07 2012

#### stop assemblyTue Apr 10 11:02:07 2012

#### start assemblyTue Apr 10 11:02:07 2012

#### start redimensionning symboliv matrix Tue Apr 10 11:02:07 2012

#### stop assemblyTue Apr 10 11:02:07 2012

#### start assemblyTue Apr 10 11:02:37 2012

#### start redimensionning symboliv matrix Tue Apr 10 11:02:37 2012

#### stop assemblyTue Apr 10 11:02:37 2012

#### start assemblyTue Apr 10 11:02:37 2012

#### start redimensionning symboliv matrix Tue Apr 10 11:02:37 2012

#### stop assemblyTue Apr 10 11:02:37 2012

#### start assemblyTue Apr 10 16:06:21 2012

#### start redimensionning symboliv matrix Tue Apr 10 16:06:21 2012

#### stop assemblyTue Apr 10 16:06:21 2012

#### start assemblyTue Apr 10 16:06:22 2012

#### start redimensionning symboliv matrix Tue Apr 10 16:06:22 2012

#### stop assemblyTue Apr 10 16:06:22 2012

#### start assemblyTue Apr 10 16:08:11 2012

#### start redimensionning symboliv matrix Tue Apr 10 16:08:11 2012

#### stop assemblyTue Apr 10 16:08:11 2012

#### start assemblyTue Apr 10 16:08:11 2012

#### start redimensionning symboliv matrix Tue Apr 10 16:08:11 2012

#### stop assemblyTue Apr 10 16:08:11 2012

#### start assemblyTue Apr 10 16:09:13 2012

#### start redimensionning symboliv matrix Tue Apr 10 16:09:13 2012

#### stop assemblyTue Apr 10 16:09:13 2012

#### start assemblyTue Apr 10 16:09:13 2012

#### start redimensionning symboliv matrix Tue Apr 10 16:09:13 2012

#### stop assemblyTue Apr 10 16:09:13 2012

#### start assemblyTue Apr 10 16:13:34 2012

#### start redimensionning symboliv matrix Tue Apr 10 16:13:34 2012

#### stop assemblyTue Apr 10 16:13:34 2012

#### start assemblyTue Apr 10 16:14:37 2012

#### start redimensionning symboliv matrix Tue Apr 10 16:14:37 2012

#### stop assemblyTue Apr 10 16:14:37 2012

#### start assemblyTue Apr 10 16:15:12 2012

#### start redimensionning symboliv matrix Tue Apr 10 16:15:12 2012

#### stop assemblyTue Apr 10 16:15:12 2012

#### start assemblyTue Apr 10 16:15:49 2012

#### start redimensionning symboliv matrix Tue Apr 10 16:15:49 2012

#### stop assemblyTue Apr 10 16:15:49 2012

#### start assemblyTue Apr 10 16:28:57 2012

#### start redimensionning symboliv matrix Tue Apr 10 16:28:57 2012

#### stop assemblyTue Apr 10 16:28:57 2012

#### start assemblyTue Apr 10 16:33:42 2012

#### start redimensionning symboliv matrix Tue Apr 10 16:33:42 2012

#### stop assemblyTue Apr 10 16:33:42 2012

#### start assemblyTue Apr 10 16:36:30 2012

#### start redimensionning symboliv matrix Tue Apr 10 16:36:30 2012

#### stop assemblyTue Apr 10 16:36:30 2012

#### start assemblyTue Apr 10 16:36:51 2012

#### start redimensionning symboliv matrix Tue Apr 10 16:36:51 2012

#### stop assemblyTue Apr 10 16:36:51 2012

#### start assemblyTue Apr 10 16:36:52 2012

#### start redimensionning symboliv matrix Tue Apr 10 16:36:52 2012

#### stop assemblyTue Apr 10 16:36:52 2012

#### start assemblyTue Apr 10 16:53:38 2012

#### start redimensionning symboliv matrix Tue Apr 10 16:53:38 2012

#### stop assemblyTue Apr 10 16:53:38 2012

#### start assemblyTue Apr 10 16:54:33 2012

#### start redimensionning symboliv matrix Tue Apr 10 16:54:33 2012

#### stop assemblyTue Apr 10 16:54:33 2012

#### start assemblyTue Apr 10 16:54:34 2012

#### start redimensionning symboliv matrix Tue Apr 10 16:54:34 2012

#### stop assemblyTue Apr 10 16:54:34 2012

#### start assemblyTue Apr 10 16:55:14 2012

#### start redimensionning symboliv matrix Tue Apr 10 16:55:14 2012

#### stop assemblyTue Apr 10 16:55:14 2012

#### start assemblyTue Apr 10 16:55:15 2012

#### start redimensionning symboliv matrix Tue Apr 10 16:55:15 2012

#### stop assemblyTue Apr 10 16:55:15 2012

#### start assemblyTue Apr 10 17:03:56 2012

#### start redimensionning symboliv matrix Tue Apr 10 17:03:56 2012

#### stop assemblyTue Apr 10 17:03:56 2012

#### start assemblyTue Apr 10 17:03:57 2012

#### start redimensionning symboliv matrix Tue Apr 10 17:03:57 2012

#### stop assemblyTue Apr 10 17:03:57 2012

#### start assemblyTue Apr 10 17:31:07 2012

#### start redimensionning symboliv matrix Tue Apr 10 17:31:07 2012

#### stop assemblyTue Apr 10 17:31:07 2012

#### start assemblyTue Apr 10 17:31:38 2012

#### start redimensionning symboliv matrix Tue Apr 10 17:31:38 2012

#### stop assemblyTue Apr 10 17:31:38 2012

#### start assemblyTue Apr 10 17:31:39 2012

#### start redimensionning symboliv matrix Tue Apr 10 17:31:39 2012

#### stop assemblyTue Apr 10 17:31:39 2012

#### start assemblyTue Apr 10 17:33:26 2012

#### start redimensionning symboliv matrix Tue Apr 10 17:33:26 2012

#### stop assemblyTue Apr 10 17:33:26 2012

#### start assemblyTue Apr 10 17:33:26 2012

#### start redimensionning symboliv matrix Tue Apr 10 17:33:26 2012

#### stop assemblyTue Apr 10 17:33:26 2012

#### start assemblyTue Apr 10 17:34:20 2012

#### start redimensionning symboliv matrix Tue Apr 10 17:34:20 2012

#### stop assemblyTue Apr 10 17:34:20 2012

#### start assemblyTue Apr 10 17:34:40 2012

#### start redimensionning symboliv matrix Tue Apr 10 17:34:40 2012

#### stop assemblyTue Apr 10 17:34:40 2012

#### start assemblyTue Apr 10 17:39:42 2012

#### start redimensionning symboliv matrix Tue Apr 10 17:39:42 2012

#### stop assemblyTue Apr 10 17:39:42 2012

#### start assemblyTue Apr 10 17:39:43 2012

#### start redimensionning symboliv matrix Tue Apr 10 17:39:43 2012

#### stop assemblyTue Apr 10 17:39:43 2012

#### start assemblyTue Apr 10 17:46:46 2012

#### start redimensionning symboliv matrix Tue Apr 10 17:46:46 2012

#### stop assemblyTue Apr 10 17:46:46 2012

#### start assemblyTue Apr 10 17:46:46 2012

#### start redimensionning symboliv matrix Tue Apr 10 17:46:46 2012

#### stop assemblyTue Apr 10 17:46:46 2012

#### start assemblyTue Apr 10 17:47:17 2012

#### start redimensionning symboliv matrix Tue Apr 10 17:47:17 2012

#### stop assemblyTue Apr 10 17:47:17 2012

#### start assemblyTue Apr 10 17:47:18 2012

#### start redimensionning symboliv matrix Tue Apr 10 17:47:18 2012

#### stop assemblyTue Apr 10 17:47:18 2012

#### start assemblyTue Apr 10 17:47:50 2012

#### start redimensionning symboliv matrix Tue Apr 10 17:47:50 2012

#### stop assemblyTue Apr 10 17:47:50 2012

#### start assemblyTue Apr 10 17:47:50 2012

#### start redimensionning symboliv matrix Tue Apr 10 17:47:50 2012

#### stop assemblyTue Apr 10 17:47:50 2012

#### start assemblyTue Apr 10 17:49:02 2012

#### start redimensionning symboliv matrix Tue Apr 10 17:49:02 2012

#### stop assemblyTue Apr 10 17:49:02 2012

#### start assemblyTue Apr 10 17:49:02 2012

#### start redimensionning symboliv matrix Tue Apr 10 17:49:02 2012

#### stop assemblyTue Apr 10 17:49:02 2012

#### start assemblyTue Apr 10 17:50:32 2012

#### start redimensionning symboliv matrix Tue Apr 10 17:50:32 2012

#### stop assemblyTue Apr 10 17:50:32 2012

#### start assemblyTue Apr 10 17:50:33 2012

#### start redimensionning symboliv matrix Tue Apr 10 17:50:33 2012

#### stop assemblyTue Apr 10 17:50:33 2012

#### start assemblyTue Apr 10 17:52:16 2012

#### start redimensionning symboliv matrix Tue Apr 10 17:52:16 2012

#### stop assemblyTue Apr 10 17:52:16 2012

#### start assemblyTue Apr 10 17:52:16 2012

#### start redimensionning symboliv matrix Tue Apr 10 17:52:16 2012

#### stop assemblyTue Apr 10 17:52:16 2012

#### start assemblyTue Apr 10 17:52:53 2012

#### start redimensionning symboliv matrix Tue Apr 10 17:52:53 2012

#### stop assemblyTue Apr 10 17:52:53 2012

#### start assemblyTue Apr 10 17:52:54 2012

#### start redimensionning symboliv matrix Tue Apr 10 17:52:54 2012

#### stop assemblyTue Apr 10 17:52:54 2012

#### start assemblyTue Apr 10 17:53:28 2012

#### start redimensionning symboliv matrix Tue Apr 10 17:53:28 2012

#### stop assemblyTue Apr 10 17:53:28 2012

#### start assemblyTue Apr 10 17:53:29 2012

#### start redimensionning symboliv matrix Tue Apr 10 17:53:29 2012

#### stop assemblyTue Apr 10 17:53:29 2012

#### start assemblyTue Apr 10 17:54:00 2012

#### start redimensionning symboliv matrix Tue Apr 10 17:54:00 2012

#### stop assemblyTue Apr 10 17:54:00 2012

#### start assemblyTue Apr 10 17:54:01 2012

#### start redimensionning symboliv matrix Tue Apr 10 17:54:01 2012

#### stop assemblyTue Apr 10 17:54:01 2012

#### start assemblyTue Apr 10 17:54:39 2012

#### start redimensionning symboliv matrix Tue Apr 10 17:54:39 2012

#### stop assemblyTue Apr 10 17:54:39 2012

#### start assemblyTue Apr 10 17:54:39 2012

#### start redimensionning symboliv matrix Tue Apr 10 17:54:39 2012

#### stop assemblyTue Apr 10 17:54:39 2012

#### start assemblyTue Apr 10 17:55:42 2012

#### start redimensionning symboliv matrix Tue Apr 10 17:55:42 2012

#### stop assemblyTue Apr 10 17:55:42 2012

#### start assemblyTue Apr 10 17:55:42 2012

#### start redimensionning symboliv matrix Tue Apr 10 17:55:42 2012

#### stop assemblyTue Apr 10 17:55:42 2012

#### start assemblyTue Apr 10 17:56:14 2012

#### start redimensionning symboliv matrix Tue Apr 10 17:56:14 2012

#### stop assemblyTue Apr 10 17:56:14 2012

#### start assemblyTue Apr 10 17:56:14 2012

#### start redimensionning symboliv matrix Tue Apr 10 17:56:14 2012

#### stop assemblyTue Apr 10 17:56:14 2012

#### start assemblyTue Apr 10 17:57:06 2012

#### start redimensionning symboliv matrix Tue Apr 10 17:57:06 2012

#### stop assemblyTue Apr 10 17:57:06 2012

#### start assemblyTue Apr 10 17:57:06 2012

#### start redimensionning symboliv matrix Tue Apr 10 17:57:06 2012

#### stop assemblyTue Apr 10 17:57:06 2012

#### start assemblyTue Apr 10 18:10:00 2012

#### start redimensionning symboliv matrix Tue Apr 10 18:10:00 2012

#### stop assemblyTue Apr 10 18:10:00 2012

#### start assemblyTue Apr 10 18:12:25 2012

#### start redimensionning symboliv matrix Tue Apr 10 18:12:25 2012

#### stop assemblyTue Apr 10 18:12:25 2012

#### start assemblyTue Apr 10 18:12:25 2012

#### start redimensionning symboliv matrix Tue Apr 10 18:12:25 2012

#### stop assemblyTue Apr 10 18:12:25 2012

#### start assemblyTue Apr 10 18:13:55 2012

#### start redimensionning symboliv matrix Tue Apr 10 18:13:55 2012

#### stop assemblyTue Apr 10 18:13:55 2012

#### start assemblyTue Apr 10 18:14:35 2012

#### start redimensionning symboliv matrix Tue Apr 10 18:14:35 2012

#### stop assemblyTue Apr 10 18:14:35 2012

#### start assemblyTue Apr 10 18:15:06 2012

#### start redimensionning symboliv matrix Tue Apr 10 18:15:06 2012

#### stop assemblyTue Apr 10 18:15:06 2012

#### start assemblyTue Apr 10 18:15:06 2012

#### start redimensionning symboliv matrix Tue Apr 10 18:15:06 2012

#### stop assemblyTue Apr 10 18:15:06 2012

#### start assemblyTue Apr 10 18:16:09 2012

#### start redimensionning symboliv matrix Tue Apr 10 18:16:09 2012

#### stop assemblyTue Apr 10 18:16:09 2012

#### start assemblyTue Apr 10 18:16:09 2012

#### start redimensionning symboliv matrix Tue Apr 10 18:16:09 2012

#### stop assemblyTue Apr 10 18:16:09 2012

#### start assemblyTue Apr 10 19:29:26 2012

#### start redimensionning symboliv matrix Tue Apr 10 19:29:26 2012

#### stop assemblyTue Apr 10 19:29:26 2012

#### start assemblyTue Apr 10 19:34:40 2012

#### start redimensionning symboliv matrix Tue Apr 10 19:34:40 2012

#### stop assemblyTue Apr 10 19:34:40 2012

#### start assemblyTue Apr 10 19:35:57 2012

#### start redimensionning symboliv matrix Tue Apr 10 19:35:57 2012

#### stop assemblyTue Apr 10 19:35:57 2012

#### start assemblyTue Apr 10 19:37:13 2012

#### start redimensionning symboliv matrix Tue Apr 10 19:37:13 2012

#### stop assemblyTue Apr 10 19:37:13 2012

#### start assemblyTue Apr 10 19:38:15 2012

#### start redimensionning symboliv matrix Tue Apr 10 19:38:15 2012

#### stop assemblyTue Apr 10 19:38:15 2012

#### start assemblyTue Apr 10 19:39:36 2012

#### start redimensionning symboliv matrix Tue Apr 10 19:39:36 2012

#### stop assemblyTue Apr 10 19:39:36 2012

#### start assemblyTue Apr 10 19:40:56 2012

#### start redimensionning symboliv matrix Tue Apr 10 19:40:56 2012

#### stop assemblyTue Apr 10 19:40:56 2012

#### start assemblyTue Apr 10 19:43:58 2012

#### start redimensionning symboliv matrix Tue Apr 10 19:43:58 2012

#### stop assemblyTue Apr 10 19:43:58 2012

#### start assemblyTue Apr 10 19:43:58 2012

#### start redimensionning symboliv matrix Tue Apr 10 19:43:58 2012

#### stop assemblyTue Apr 10 19:43:58 2012

#### start assemblyTue Apr 10 19:54:39 2012

#### start redimensionning symboliv matrix Tue Apr 10 19:54:39 2012

#### stop assemblyTue Apr 10 19:54:39 2012

#### start assemblyTue Apr 10 19:54:39 2012

#### start redimensionning symboliv matrix Tue Apr 10 19:54:39 2012

#### stop assemblyTue Apr 10 19:54:39 2012

#### start assemblyTue Apr 10 19:54:59 2012

#### start redimensionning symboliv matrix Tue Apr 10 19:54:59 2012

#### stop assemblyTue Apr 10 19:54:59 2012

#### start assemblyTue Apr 10 19:54:59 2012

#### start redimensionning symboliv matrix Tue Apr 10 19:54:59 2012

#### stop assemblyTue Apr 10 19:54:59 2012

#### start assemblyTue Apr 10 19:55:33 2012

#### start redimensionning symboliv matrix Tue Apr 10 19:55:33 2012

#### stop assemblyTue Apr 10 19:55:33 2012

#### start assemblyTue Apr 10 19:55:33 2012

#### start redimensionning symboliv matrix Tue Apr 10 19:55:33 2012

#### stop assemblyTue Apr 10 19:55:33 2012

#### start assemblyWed Apr 11 01:07:05 2012

#### start redimensionning symboliv matrix Wed Apr 11 01:07:06 2012

#### stop assemblyWed Apr 11 01:07:06 2012

#### start assemblyWed Apr 11 01:07:06 2012

#### start redimensionning symboliv matrix Wed Apr 11 01:07:06 2012

#### stop assemblyWed Apr 11 01:07:06 2012

#### start assemblyMon Apr 16 15:22:02 2012

#### start redimensionning symboliv matrix Mon Apr 16 15:22:02 2012

#### stop assemblyMon Apr 16 15:22:02 2012

#### start assemblyMon Apr 16 15:22:03 2012

#### start redimensionning symboliv matrix Mon Apr 16 15:22:03 2012

#### stop assemblyMon Apr 16 15:22:03 2012

#### start assemblyMon Apr 16 15:22:57 2012

#### start redimensionning symboliv matrix Mon Apr 16 15:22:57 2012

#### stop assemblyMon Apr 16 15:22:57 2012

#### start assemblyMon Apr 16 15:22:58 2012

#### start redimensionning symboliv matrix Mon Apr 16 15:22:58 2012

#### stop assemblyMon Apr 16 15:22:58 2012

#### start assemblyMon Apr 16 15:23:31 2012

#### start redimensionning symboliv matrix Mon Apr 16 15:23:31 2012

#### stop assemblyMon Apr 16 15:23:31 2012

#### start assemblyMon Apr 16 15:23:31 2012

#### start redimensionning symboliv matrix Mon Apr 16 15:23:31 2012

#### stop assemblyMon Apr 16 15:23:31 2012

#### start assemblyMon Apr 16 15:46:03 2012

#### start redimensionning symboliv matrix Mon Apr 16 15:46:03 2012

#### stop assemblyMon Apr 16 15:46:03 2012

#### start assemblyMon Apr 16 15:46:03 2012

#### start redimensionning symboliv matrix Mon Apr 16 15:46:03 2012

#### stop assemblyMon Apr 16 15:46:03 2012

