22:11:38: Creating resource group General
22:11:38: Creating resource group Internal
22:11:38: Creating resource group Autodetect
22:11:38: SceneManagerFactory for type 'DefaultSceneManager' registered.
22:11:38: Registering ResourceManager for type Material
22:11:38: Registering ResourceManager for type Mesh
22:11:38: Registering ResourceManager for type Skeleton
22:11:38: MovableObjectFactory for type 'ParticleSystem' registered.
22:11:38: OverlayElementFactory for type Panel registered.
22:11:38: OverlayElementFactory for type BorderPanel registered.
22:11:38: OverlayElementFactory for type TextArea registered.
22:11:38: Registering ResourceManager for type Font
22:11:38: ArchiveFactory for archive type FileSystem registered.
22:11:38: ArchiveFactory for archive type Zip registered.
22:11:38: DDS codec registering
22:11:38: FreeImage version: 3.13.1
22:11:38: This program uses FreeImage, a free, open source image library supporting all common bitmap formats. See http://freeimage.sourceforge.net for details
22:11:38: Supported formats: bmp,ico,jpg,jif,jpeg,jpe,jng,koa,iff,lbm,mng,pbm,pbm,pcd,pcx,pgm,pgm,png,ppm,ppm,ras,tga,targa,tif,tiff,wap,wbmp,wbm,psd,cut,xbm,xpm,gif,hdr,g3,sgi,exr,j2k,j2c,jp2,pfm,pct,pict,pic,bay,bmq,cr2,crw,cs1,dc2,dcr,dng,erf,fff,hdr,k25,kdc,mdc,mos,mrw,nef,orf,pef,pxn,raf,raw,rdc,sr2,srf,arw,3fr,cine,ia,kc2,mef,nrw,qtk,rw2,sti,drf,dsc,ptx,cap,iiq,rwz
22:11:38: Registering ResourceManager for type HighLevelGpuProgram
22:11:38: Registering ResourceManager for type Compositor
22:11:38: MovableObjectFactory for type 'Entity' registered.
22:11:38: MovableObjectFactory for type 'Light' registered.
22:11:38: MovableObjectFactory for type 'BillboardSet' registered.
22:11:38: MovableObjectFactory for type 'ManualObject' registered.
22:11:38: MovableObjectFactory for type 'BillboardChain' registered.
22:11:38: MovableObjectFactory for type 'RibbonTrail' registered.
22:11:38: *-*-* OGRE Initialising
22:11:38: *-*-* Version 1.7.3 (Cthugha)
22:11:38: Loading library /usr/lib/OGRE/Plugin_BSPSceneManager.so
22:11:38: Installing plugin: BSP Scene Manager
22:11:38: Plugin successfully installed
22:11:38: Loading library /usr/lib/OGRE/Plugin_PCZSceneManager.so
22:11:38: Installing plugin: Portal Connected Zone Scene Manager
22:11:38: PCZone Factory Type 'ZoneType_Default' registered
22:11:38: Plugin successfully installed
22:11:38: Loading library /usr/lib/OGRE/Plugin_OctreeZone.so
22:11:38: Installing plugin: Octree Zone Factory
22:11:38: Plugin successfully installed
22:11:38: Loading library /usr/lib/OGRE/Plugin_ParticleFX.so
22:11:38: Installing plugin: ParticleFX
22:11:38: Particle Emitter Type 'Point' registered
22:11:38: Particle Emitter Type 'Box' registered
22:11:38: Particle Emitter Type 'Ellipsoid' registered
22:11:38: Particle Emitter Type 'Cylinder' registered
22:11:38: Particle Emitter Type 'Ring' registered
22:11:38: Particle Emitter Type 'HollowEllipsoid' registered
22:11:38: Particle Affector Type 'LinearForce' registered
22:11:38: Particle Affector Type 'ColourFader' registered
22:11:38: Particle Affector Type 'ColourFader2' registered
22:11:38: Particle Affector Type 'ColourImage' registered
22:11:38: Particle Affector Type 'ColourInterpolator' registered
22:11:38: Particle Affector Type 'Scaler' registered
22:11:38: Particle Affector Type 'Rotator' registered
22:11:38: Particle Affector Type 'DirectionRandomiser' registered
22:11:38: Particle Affector Type 'DeflectorPlane' registered
22:11:38: Plugin successfully installed
22:11:38: Loading library /usr/lib/OGRE/Plugin_OctreeSceneManager.so
22:11:38: Installing plugin: Octree & Terrain Scene Manager
22:11:38: Plugin successfully installed
22:11:38: Loading library /usr/lib/OGRE/RenderSystem_GL.so
22:11:38: Installing plugin: GL RenderSystem
22:11:38: OpenGL Rendering Subsystem created.
22:11:39: Plugin successfully installed
22:11:39: Added resource location '/home/joe/xde/bin/../share/resources/ogre/manikin' of type 'FileSystem' to resource group 'General'
22:11:39: Added resource location '/home/joe/xde/bin/../share/resources/ogre/meshes' of type 'FileSystem' to resource group 'General'
22:11:39: Added resource location '/home/joe/xde/bin/../share/resources/ogre/materials' of type 'FileSystem' to resource group 'General'
22:11:39: Added resource location '/home/joe/xde/bin/../share/resources/ogre/materials/textures' of type 'FileSystem' to resource group 'General'
22:11:39: WARNING: Unable to open resource location /home/joe/xde/bin/../share/resources/ogre/materials/textures/ocean
22:11:39: Added resource location '/home/joe/xde/bin/../share/resources/ogre/materials/programs' of type 'FileSystem' to resource group 'General'
22:11:39: Added resource location '/home/joe/xde/bin/../share/resources/ogre/materials/core' of type 'FileSystem' to resource group 'General'
22:11:39: Added resource location '/home/joe/xde/bin/../share/resources/ogre/materials/shadow' of type 'FileSystem' to resource group 'General'
22:11:39: Added resource location '/home/joe/xde/bin/../share/resources/ogre/materials/ssao' of type 'FileSystem' to resource group 'General'
22:11:39: CPU Identifier & Features
22:11:39: -------------------------
22:11:39:  *   CPU ID: GenuineIntel: Intel(R) Core(TM)2 Duo CPU     P8600  @ 2.40GHz
22:11:39:  *      SSE: yes
22:11:39:  *     SSE2: yes
22:11:39:  *     SSE3: yes
22:11:39:  *      MMX: yes
22:11:39:  *   MMXEXT: yes
22:11:39:  *    3DNOW: no
22:11:39:  * 3DNOWEXT: no
22:11:39:  *     CMOV: yes
22:11:39:  *      TSC: yes
22:11:39:  *      FPU: yes
22:11:39:  *      PRO: yes
22:11:39:  *       HT: no
22:11:39: -------------------------
22:11:39: ******************************
*** Starting GLX Subsystem ***
******************************
22:11:39: GLRenderSystem::_createRenderWindow "mainWindow", 1280x1024 windowed  miscParams: FSAA=0 displayFrequency=60 MHz gamma=No vsync=No 
22:11:39: OGRE EXCEPTION(6:FileNotFoundException): Cannot locate resource GLX_icon.png in resource group General or any other group. in ResourceGroupManager::openResource at /build/buildd/ogre-1.7.3/OgreMain/src/OgreResourceGroupManager.cpp (line 753)
22:11:39: GLXWindow::create used FBConfigID = 165
22:11:39: GL_VERSION = 2.1 Mesa 7.11
22:11:39: GL_VENDOR = nouveau
22:11:39: GL_RENDERER = Gallium 0.4 on NV98
22:11:39: GL_EXTENSIONS = GL_ARB_multisample GL_EXT_abgr GL_EXT_bgra GL_EXT_blend_color GL_EXT_blend_logic_op GL_EXT_blend_minmax GL_EXT_blend_subtract GL_EXT_copy_texture GL_EXT_polygon_offset GL_EXT_subtexture GL_EXT_texture_object GL_EXT_vertex_array GL_EXT_compiled_vertex_array GL_EXT_texture GL_EXT_texture3D GL_IBM_rasterpos_clip GL_ARB_point_parameters GL_EXT_draw_range_elements GL_EXT_packed_pixels GL_EXT_point_parameters GL_EXT_rescale_normal GL_EXT_separate_specular_color GL_EXT_texture_edge_clamp GL_SGIS_generate_mipmap GL_SGIS_texture_border_clamp GL_SGIS_texture_edge_clamp GL_SGIS_texture_lod GL_ARB_framebuffer_sRGB GL_ARB_multitexture GL_EXT_framebuffer_sRGB GL_IBM_multimode_draw_arrays GL_IBM_texture_mirrored_repeat GL_ARB_texture_cube_map GL_ARB_texture_env_add GL_ARB_transpose_matrix GL_EXT_blend_func_separate GL_EXT_fog_coord GL_EXT_multi_draw_arrays GL_EXT_secondary_color GL_EXT_texture_env_add GL_EXT_texture_filter_anisotropic GL_EXT_texture_lod_bias GL_INGR_blend_func_separate GL_NV_blend_square GL_NV_light_max_exponent GL_NV_texgen_reflection GL_NV_texture_env_combine4 GL_SUN_multi_draw_arrays GL_ARB_texture_border_clamp GL_ARB_texture_compression GL_EXT_framebuffer_object GL_EXT_texture_env_dot3 GL_MESA_window_pos GL_NV_packed_depth_stencil GL_NV_texture_rectangle GL_ARB_depth_texture GL_ARB_occlusion_query GL_ARB_shadow GL_ARB_texture_env_combine GL_ARB_texture_env_crossbar GL_ARB_texture_env_dot3 GL_ARB_texture_mirrored_repeat GL_ARB_window_pos GL_EXT_stencil_two_side GL_EXT_texture_cube_map GL_NV_depth_clamp GL_APPLE_packed_pixels GL_APPLE_vertex_array_object GL_ARB_draw_buffers GL_ARB_fragment_program GL_ARB_fragment_shader GL_ARB_shader_objects GL_ARB_vertex_program GL_ARB_vertex_shader GL_ATI_draw_buffers GL_ATI_texture_env_combine3 GL_EXT_shadow_funcs GL_EXT_stencil_wrap GL_MESA_pack_invert GL_NV_primitive_restart GL_ARB_depth_clamp GL_ARB_fragment_program_shadow GL_ARB_half_float_pixel GL_ARB_occlusion_query2 GL_ARB_point_sprite GL_ARB_shading_language_100 GL_ARB_sync GL_ARB_texture_non_power_of_two GL_ARB_vertex_buffer_object GL_ATI_blend_equation_separate GL_EXT_blend_equation_separate GL_OES_read_format GL_ARB_color_buffer_float GL_ARB_pixel_buffer_object GL_ARB_texture_compression_rgtc GL_ARB_texture_rectangle GL_EXT_packed_float GL_EXT_pixel_buffer_object GL_EXT_texture_compression_rgtc GL_EXT_texture_mirror_clamp GL_EXT_texture_rectangle GL_EXT_texture_sRGB GL_EXT_texture_shared_exponent GL_ARB_framebuffer_object GL_EXT_framebuffer_blit GL_EXT_framebuffer_multisample GL_EXT_packed_depth_stencil GL_ARB_vertex_array_object GL_ATI_separate_stencil GL_ATI_texture_mirror_once GL_EXT_draw_buffers2 GL_EXT_draw_instanced GL_EXT_gpu_program_parameters GL_EXT_texture_env_combine GL_EXT_texture_sRGB_decode GL_EXT_timer_query GL_OES_EGL_image GL_ARB_copy_buffer GL_ARB_draw_instanced GL_ARB_half_float_vertex GL_ARB_instanced_arrays GL_ARB_map_buffer_range GL_ARB_texture_rg GL_ARB_texture_swizzle GL_ARB_vertex_array_bgra GL_EXT_separate_shader_objects GL_EXT_texture_swizzle GL_EXT_vertex_array_bgra GL_NV_conditional_render GL_ARB_ES2_compatibility GL_ARB_draw_elements_base_vertex GL_ARB_explicit_attrib_location GL_ARB_fragment_coord_conventions GL_ARB_provoking_vertex GL_ARB_sampler_objects GL_ARB_shader_texture_lod GL_EXT_provoking_vertex GL_EXT_texture_snorm GL_MESA_texture_signed_rgba GL_NV_texture_barrier GL_ARB_robustness 
22:11:39: Supported GLX extensions: GLX_ARB_get_proc_address GLX_ARB_multisample GLX_EXT_import_context GLX_EXT_visual_info GLX_EXT_visual_rating GLX_MESA_copy_sub_buffer GLX_MESA_multithread_makecurrent GLX_MESA_swap_control GLX_OML_swap_method GLX_OML_sync_control GLX_SGI_make_current_read GLX_SGI_swap_control GLX_SGI_video_sync GLX_SGIS_multisample GLX_SGIX_fbconfig GLX_SGIX_pbuffer GLX_SGIX_visual_select_group GLX_EXT_texture_from_pixmap GLX_INTEL_swap_event 
22:11:39: ***************************
22:11:39: *** GL Renderer Started ***
22:11:39: ***************************
22:11:39: Registering ResourceManager for type GpuProgram
22:11:39: GLSL support detected
22:11:39: GL: Using GL_EXT_framebuffer_object for rendering to textures (best)
22:11:39: FBO PF_UNKNOWN depth/stencil support: D0S1 D0S4 D0S8 D0S16 D16S0 D24S0 D32S0 Packed-D24S8 
22:11:39: FBO PF_L8 depth/stencil support: D0S0 D0S1 D0S4 D0S8 D0S16 D16S0 D24S0 D32S0 Packed-D24S8 
22:11:39: FBO PF_L16 depth/stencil support: D0S0 D0S1 D0S4 D0S8 D0S16 D16S0 D24S0 D32S0 Packed-D24S8 
22:11:39: FBO PF_A8 depth/stencil support: D0S0 D0S1 D0S4 D0S8 D0S16 D16S0 D24S0 D32S0 Packed-D24S8 
22:11:39: FBO PF_R5G6B5 depth/stencil support: D0S0 D0S1 D0S4 D0S8 D0S16 D16S0 D24S0 D32S0 Packed-D24S8 
22:11:39: FBO PF_B5G6R5 depth/stencil support: D0S0 D0S1 D0S4 D0S8 D0S16 D16S0 D24S0 D32S0 Packed-D24S8 
22:11:39: FBO PF_A1R5G5B5 depth/stencil support: D0S0 D0S1 D0S4 D0S8 D0S16 D16S0 D24S0 D32S0 Packed-D24S8 
22:11:39: FBO PF_R8G8B8 depth/stencil support: D0S0 D0S1 D0S4 D0S8 D0S16 D16S0 D24S0 D32S0 Packed-D24S8 
22:11:39: FBO PF_B8G8R8 depth/stencil support: D0S0 D0S1 D0S4 D0S8 D0S16 D16S0 D24S0 D32S0 Packed-D24S8 
22:11:39: FBO PF_A8R8G8B8 depth/stencil support: D0S0 D0S1 D0S4 D0S8 D0S16 D16S0 D24S0 D32S0 Packed-D24S8 
22:11:39: FBO PF_B8G8R8A8 depth/stencil support: D0S0 D0S1 D0S4 D0S8 D0S16 D16S0 D24S0 D32S0 Packed-D24S8 
22:11:39: FBO PF_A2R10G10B10 depth/stencil support: D0S0 D0S1 D0S4 D0S8 D0S16 D16S0 D24S0 D32S0 Packed-D24S8 
22:11:39: FBO PF_A2B10G10R10 depth/stencil support: D0S0 D0S1 D0S4 D0S8 D0S16 D16S0 D24S0 D32S0 Packed-D24S8 
22:11:39: FBO PF_X8R8G8B8 depth/stencil support: D0S0 D0S1 D0S4 D0S8 D0S16 D16S0 D24S0 D32S0 Packed-D24S8 
22:11:39: FBO PF_X8B8G8R8 depth/stencil support: D0S0 D0S1 D0S4 D0S8 D0S16 D16S0 D24S0 D32S0 Packed-D24S8 
22:11:39: FBO PF_SHORT_RGBA depth/stencil support: D0S0 D0S1 D0S4 D0S8 D0S16 D16S0 D24S0 D32S0 Packed-D24S8 
22:11:39: FBO PF_R3G3B2 depth/stencil support: D0S0 D0S1 D0S4 D0S8 D0S16 D16S0 D24S0 D32S0 Packed-D24S8 
22:11:39: FBO PF_SHORT_RGB depth/stencil support: D0S0 D0S1 D0S4 D0S8 D0S16 D16S0 D24S0 D32S0 Packed-D24S8 
22:11:39: [GL] : Valid FBO targets PF_UNKNOWN PF_L8 PF_L16 PF_A8 PF_R5G6B5 PF_B5G6R5 PF_A1R5G5B5 PF_R8G8B8 PF_B8G8R8 PF_A8R8G8B8 PF_B8G8R8A8 PF_A2R10G10B10 PF_A2B10G10R10 PF_X8R8G8B8 PF_X8B8G8R8 PF_SHORT_RGBA PF_R3G3B2 PF_SHORT_RGB 
22:11:39: RenderSystem capabilities
22:11:39: -------------------------
22:11:39: RenderSystem Name: OpenGL Rendering Subsystem
22:11:39: GPU Vendor: unknown
22:11:39: Device Name: Gallium 0.4 on NV98
22:11:39: Driver Version: 2.1.0.0
22:11:39:  * Fixed function pipeline: yes
22:11:39:  * Hardware generation of mipmaps: yes
22:11:39:  * Texture blending: yes
22:11:39:  * Anisotropic texture filtering: yes
22:11:39:  * Dot product texture operation: yes
22:11:39:  * Cube mapping: yes
22:11:39:  * Hardware stencil buffer: yes
22:11:39:    - Stencil depth: 8
22:11:39:    - Two sided stencil support: yes
22:11:39:    - Wrap stencil values: yes
22:11:39:  * Hardware vertex / index buffers: yes
22:11:39:  * Vertex programs: yes
22:11:39:  * Number of floating-point constants for vertex programs: 1024
22:11:39:  * Number of integer constants for vertex programs: 0
22:11:39:  * Number of boolean constants for vertex programs: 0
22:11:39:  * Fragment programs: yes
22:11:39:  * Number of floating-point constants for fragment programs: 1024
22:11:39:  * Number of integer constants for fragment programs: 0
22:11:39:  * Number of boolean constants for fragment programs: 0
22:11:39:  * Geometry programs: no
22:11:39:  * Number of floating-point constants for geometry programs: 2558
22:11:39:  * Number of integer constants for geometry programs: 57228
22:11:39:  * Number of boolean constants for geometry programs: 2558
22:11:39:  * Supported Shader Profiles: arbfp1 arbvp1 glsl
22:11:39:  * Texture Compression: yes
22:11:39:    - DXT: no
22:11:39:    - VTC: no
22:11:39:    - PVRTC: no
22:11:39:  * Scissor Rectangle: yes
22:11:39:  * Hardware Occlusion Query: yes
22:11:39:  * User clip planes: yes
22:11:39:  * VET_UBYTE4 vertex element type: yes
22:11:39:  * Infinite far plane projection: yes
22:11:39:  * Hardware render-to-texture: yes
22:11:39:  * Floating point textures: no
22:11:39:  * Non-power-of-two textures: yes
22:11:39:  * Volume textures: yes
22:11:39:  * Multiple Render Targets: 8
22:11:39:    - With different bit depths: yes
22:11:39:  * Point Sprites: yes
22:11:39:  * Extended point parameters: yes
22:11:39:  * Max Point Size: 64
22:11:39:  * Vertex texture fetch: yes
22:11:39:  * Number of world matrices: 0
22:11:39:  * Number of texture units: 16
22:11:39:  * Stencil buffer depth: 8
22:11:39:  * Number of vertex blend matrices: 0
22:11:39:    - Max vertex textures: 16
22:11:39:    - Vertex textures shared: yes
22:11:39:  * Render to Vertex Buffer : no
22:11:39:  * GL 1.5 without VBO workaround: no
22:11:39:  * Frame Buffer objects: yes
22:11:39:  * Frame Buffer objects (ARB extension): no
22:11:39:  * Frame Buffer objects (ATI extension): no
22:11:39:  * PBuffer support: yes
22:11:39:  * GL 1.5 without HW-occlusion workaround: no
22:11:39: Registering ResourceManager for type Texture
22:11:39: DefaultWorkQueue('Root') initialising on thread 0x9de1f88.
22:11:39: Particle Renderer Type 'billboard' registered
22:11:39: SceneManagerFactory for type 'BspSceneManager' registered.
22:11:39: Registering ResourceManager for type BspLevel
22:11:39: SceneManagerFactory for type 'PCZSceneManager' registered.
22:11:39: MovableObjectFactory for type 'PCZLight' registered.
22:11:39: MovableObjectFactory for type 'Portal' registered.
22:11:39: MovableObjectFactory for type 'AntiPortal' registered.
22:11:39: PCZone Factory Type 'ZoneType_Octree' registered
22:11:39: PCZone Factory Type 'ZoneType_Terrain' registered
22:11:39: SceneManagerFactory for type 'OctreeSceneManager' registered.
22:11:39: SceneManagerFactory for type 'TerrainSceneManager' registered.
22:11:39: Parsing scripts for resource group Autodetect
22:11:39: Finished parsing scripts for resource group Autodetect
22:11:39: Parsing scripts for resource group General
22:11:39: Parsing script StdQuad_vp.program
22:11:39: Parsing script shadow_caster.program
22:11:39: Parsing script ambient.program
22:11:39: Parsing script diffuse.program
22:11:39: DefaultWorkQueue('Root')::WorkerFunc - thread 0xa036120 starting.
22:11:39: DefaultWorkQueue('Root')::WorkerFunc - thread 0xa0d8728 starting.
22:11:39: Parsing script ssao.program
22:11:39: Parsing script Mannequin.material
22:11:39: Compiler error: reference to a non existing object in Mannequin.material(135)
22:11:39: Compiler error: reference to a non existing object in Mannequin.material(222)
22:11:39: Parsing script Mannequin-glsl.material
22:11:39: Cannot compile GLSL high-level shader : GLSL/BumpMapVP 0:0(0): error: no matching function for call to `mul(mat3, vec3)'

22:11:39: OGRE EXCEPTION(7:InternalErrorException): Cannot compile GLSL high-level shader : GLSL/BumpMapVP Cannot compile GLSL high-level shader : GLSL/BumpMapVP 0:0(0): error: no matching function for call to `mul(mat3, vec3)'
 in GLSLProgram::compile at /build/buildd/ogre-1.7.3/RenderSystems/GL/src/GLSL/src/OgreGLSLExtSupport.cpp (line 65)
22:11:39: High-level program GLSL/BumpMapVP encountered an error during loading and is thus not supported.
OGRE EXCEPTION(7:InternalErrorException): Cannot compile GLSL high-level shader : GLSL/BumpMapVP Cannot compile GLSL high-level shader : GLSL/BumpMapVP 0:0(0): error: no matching function for call to `mul(mat3, vec3)'
 in GLSLProgram::compile at /build/buildd/ogre-1.7.3/RenderSystems/GL/src/GLSL/src/OgreGLSLExtSupport.cpp (line 65)
22:11:39: Compiler error: reference to a non existing object in Mannequin-glsl.material(327)
22:11:39: Parsing script fluid.material
22:11:39: GLSL compiled : fluid/fluidVS
22:11:39: Cannot compile GLSL high-level shader : fluid/fluidFS 0:44(16): error: Could not implicitly convert operands to relational operator
0:44(16): error: if-statement condition must be scalar boolean

22:11:39: OGRE EXCEPTION(7:InternalErrorException): Cannot compile GLSL high-level shader : fluid/fluidFS Cannot compile GLSL high-level shader : fluid/fluidFS 0:44(16): error: Could not implicitly convert operands to relational operator
0:44(16): error: if-statement condition must be scalar boolean
 in GLSLProgram::compile at /build/buildd/ogre-1.7.3/RenderSystems/GL/src/GLSL/src/OgreGLSLExtSupport.cpp (line 65)
22:11:39: High-level program fluid/fluidFS encountered an error during loading and is thus not supported.
OGRE EXCEPTION(7:InternalErrorException): Cannot compile GLSL high-level shader : fluid/fluidFS Cannot compile GLSL high-level shader : fluid/fluidFS 0:44(16): error: Could not implicitly convert operands to relational operator
0:44(16): error: if-statement condition must be scalar boolean
 in GLSLProgram::compile at /build/buildd/ogre-1.7.3/RenderSystems/GL/src/GLSL/src/OgreGLSLExtSupport.cpp (line 65)
22:11:39: OGRE EXCEPTION(2:InvalidParametersException): Named constants have not been initialised, perhaps a compile error. in GpuProgramParameters::_findNamedConstantDefinition at /build/buildd/ogre-1.7.3/OgreMain/src/OgreGpuProgramParams.cpp (line 1425)
22:11:39: Compiler error: invalid parameters in fluid.material(110): setting of constant failed
22:11:39: OGRE EXCEPTION(2:InvalidParametersException): Named constants have not been initialised, perhaps a compile error. in GpuProgramParameters::_findNamedConstantDefinition at /build/buildd/ogre-1.7.3/OgreMain/src/OgreGpuProgramParams.cpp (line 1425)
22:11:39: Compiler error: invalid parameters in fluid.material(111): setting of constant failed
22:11:39: OGRE EXCEPTION(6:FileNotFoundException): Cannot locate resource fluidPinky.frag in resource group General or any other group. in ResourceGroupManager::openResource at /build/buildd/ogre-1.7.3/OgreMain/src/OgreResourceGroupManager.cpp (line 753)
22:11:39: High-level program fluid/pinky encountered an error during loading and is thus not supported.
OGRE EXCEPTION(6:FileNotFoundException): Cannot locate resource fluidPinky.frag in resource group General or any other group. in ResourceGroupManager::openResource at /build/buildd/ogre-1.7.3/OgreMain/src/OgreResourceGroupManager.cpp (line 753)
22:11:39: OGRE EXCEPTION(2:InvalidParametersException): Named constants have not been initialised, perhaps a compile error. in GpuProgramParameters::_findNamedConstantDefinition at /build/buildd/ogre-1.7.3/OgreMain/src/OgreGpuProgramParams.cpp (line 1425)
22:11:39: Compiler error: invalid parameters in fluid.material(120): setting of constant failed
22:11:39: GLSL compiled : fluid/fluidFirstFS
22:11:39: GLSL compiled : fluid/QuadVS
22:11:39: Cannot compile GLSL high-level shader : fluid/compositor/fluid1 0:36(16): error: Could not implicitly convert operands to relational operator
0:36(16): error: if-statement condition must be scalar boolean

22:11:39: OGRE EXCEPTION(7:InternalErrorException): Cannot compile GLSL high-level shader : fluid/compositor/fluid1 Cannot compile GLSL high-level shader : fluid/compositor/fluid1 0:36(16): error: Could not implicitly convert operands to relational operator
0:36(16): error: if-statement condition must be scalar boolean
 in GLSLProgram::compile at /build/buildd/ogre-1.7.3/RenderSystems/GL/src/GLSL/src/OgreGLSLExtSupport.cpp (line 65)
22:11:39: High-level program fluid/compositor/fluid1 encountered an error during loading and is thus not supported.
OGRE EXCEPTION(7:InternalErrorException): Cannot compile GLSL high-level shader : fluid/compositor/fluid1 Cannot compile GLSL high-level shader : fluid/compositor/fluid1 0:36(16): error: Could not implicitly convert operands to relational operator
0:36(16): error: if-statement condition must be scalar boolean
 in GLSLProgram::compile at /build/buildd/ogre-1.7.3/RenderSystems/GL/src/GLSL/src/OgreGLSLExtSupport.cpp (line 65)
22:11:39: Parsing script gui.material
22:11:39: Parsing script cloud.material
22:11:39: Cannot compile GLSL high-level shader : shader/cloudSFP 0:15(15): error: type mismatch

22:11:39: OGRE EXCEPTION(7:InternalErrorException): Cannot compile GLSL high-level shader : shader/cloudSFP Cannot compile GLSL high-level shader : shader/cloudSFP 0:15(15): error: type mismatch
 in GLSLProgram::compile at /build/buildd/ogre-1.7.3/RenderSystems/GL/src/GLSL/src/OgreGLSLExtSupport.cpp (line 65)
22:11:39: High-level program shader/cloudSFP encountered an error during loading and is thus not supported.
OGRE EXCEPTION(7:InternalErrorException): Cannot compile GLSL high-level shader : shader/cloudSFP Cannot compile GLSL high-level shader : shader/cloudSFP 0:15(15): error: type mismatch
 in GLSLProgram::compile at /build/buildd/ogre-1.7.3/RenderSystems/GL/src/GLSL/src/OgreGLSLExtSupport.cpp (line 65)
22:11:39: GLSL compiled : shader/cloudSVP
22:11:39: GLSL compiled : shader/fluidSFP
22:11:39: GLSL compiled : shader/fluidSVP
22:11:39: Parsing script xde.material
22:11:39: Compiler error: invalid parameters in xde.material(101): clockwise is not a valid ManualCullingMode
22:11:39: Compiler error: invalid parameters in xde.material(165): clockwise is not a valid ManualCullingMode
22:11:39: Parsing script volumeLines.material
22:11:39: Parsing script cable.material
22:11:39: Parsing script sky.material
22:11:39: Parsing script template.material
22:11:39: Parsing script TemplateCore.material
22:11:39: Compiler error: unknown error in TemplateCore.material(401): token "ambient" is not recognized
22:11:39: GLSL compiled : PlainColor-vert
22:11:39: GLSL compiled : PlainColor-frag
22:11:39: GLSL compiled : Distance-vert
22:11:39: Cannot compile GLSL high-level shader : Distance-frag 0:13(30): error: Could not implicitly convert operands to arithmetic operator
0:13(17): error: cannot construct `vec4' from a non-numeric data type

22:11:39: OGRE EXCEPTION(7:InternalErrorException): Cannot compile GLSL high-level shader : Distance-frag Cannot compile GLSL high-level shader : Distance-frag 0:13(30): error: Could not implicitly convert operands to arithmetic operator
0:13(17): error: cannot construct `vec4' from a non-numeric data type
 in GLSLProgram::compile at /build/buildd/ogre-1.7.3/RenderSystems/GL/src/GLSL/src/OgreGLSLExtSupport.cpp (line 65)
22:11:39: High-level program Distance-frag encountered an error during loading and is thus not supported.
OGRE EXCEPTION(7:InternalErrorException): Cannot compile GLSL high-level shader : Distance-frag Cannot compile GLSL high-level shader : Distance-frag 0:13(30): error: Could not implicitly convert operands to arithmetic operator
0:13(17): error: cannot construct `vec4' from a non-numeric data type
 in GLSLProgram::compile at /build/buildd/ogre-1.7.3/RenderSystems/GL/src/GLSL/src/OgreGLSLExtSupport.cpp (line 65)
22:11:39: Parsing script Shadowmap.material
22:11:39: GLSL compiled : Ogre/Shadowmap/CasterVP
22:11:39: GLSL compiled : Ogre/Shadowmap/CasterFP
22:11:39: GLSL compiled : Ogre/Shadowmap/ReceiverVP
22:11:39: GLSL compiled : Ogre/Shadowmap/ReceiverFP
22:11:39: GLSL compiled : Ogre/Shadowmap/ReceiverFPPCF
22:11:39: GLSL compiled : Ogre/Shadowmap/NormalMapReceiverVP
22:11:39: GLSL compiled : Ogre/Shadowmap/NormalMapReceiverFP
22:11:39: GLSL compiled : Ogre/Shadowmap/NormalMapReceiverFPPCF
22:11:39: GLSL compiled : Ogre/BasicVertexPrograms/AmbientOneTextureGLSL
22:11:39: Compiler error: reference to a non existing object in Shadowmap.material(263)
22:11:39: Compiler error: reference to a non existing object in Shadowmap.material(263)
22:11:39: Compiler error: reference to a non existing object in Shadowmap.material(263)
22:11:39: Compiler error: reference to a non existing object in Shadowmap.material(263)
22:11:39: Compiler error: reference to a non existing object in Shadowmap.material(263)
22:11:39: Parsing script DepthShadowmap.material
22:11:39: GLSL compiled : Ogre/DepthShadowmap/CasterVP_GLSL
22:11:39: GLSL compiled : Ogre/DepthShadowmap/CasterFP_GLSL
22:11:39: GLSL compiled : Ogre/DepthShadowmap/ReceiverVP_GLSL
22:11:39: GLSL compiled : Ogre/DepthShadowmap/ReceiverFP_GLSL
22:11:39: GLSL compiled : Ogre/DepthShadowmap/ReceiverFPPCF_GLSL
22:11:39: GLSL compiled : Ogre/DepthShadowmap/NormalMapReceiverVP_GLSL
22:11:39: GLSL compiled : Ogre/DepthShadowmap/NormalMapReceiverFP_GLSL
22:11:39: GLSL compiled : Ogre/DepthShadowmap/NormalMapReceiverFPPCF_GLSL
22:11:39: GLSL compiled : Ogre/BasicVertexPrograms/AmbientOneTextureGLSL
22:11:39: Parsing script metal.material
22:11:39: Parsing script ssao.material
22:11:39: Parsing script colours.material
22:11:39: Parsing script shadow_caster.material
22:11:39: Parsing script diffuse.material
22:11:39: Parsing script ssao.compositor
22:11:39: Parsing script Template.fontdef
22:11:39: Parsing script TemplateDebugPanel.overlay
22:11:39: Texture: Template_Center.png: Loading 1 faces(PF_A8R8G8B8,256x128x1) with 5 hardware generated mipmaps from Image. Internal format is PF_A8R8G8B8,256x128x1.
22:11:39: Texture: Template_Border.png: Loading 1 faces(PF_A8R8G8B8,256x256x1) with 5 hardware generated mipmaps from Image. Internal format is PF_A8R8G8B8,256x256x1.
22:11:39: Texture: Template_Border_Shadow.png: Loading 1 faces(PF_A8R8G8B8,256x256x1) with 5 hardware generated mipmaps from Image. Internal format is PF_A8R8G8B8,256x256x1.
22:11:39: Texture: Template_Border_Break.png: Loading 1 faces(PF_A8R8G8B8,32x32x1) with 5 hardware generated mipmaps from Image. Internal format is PF_A8R8G8B8,32x32x1.
22:11:39: Bad overlay attribute line: 'top -0.25' for overlay Core/LogOverlay
22:11:39: Texture: wheel.png: Loading 1 faces(PF_A8R8G8B8,300x300x1) with 5 hardware generated mipmaps from Image. Internal format is PF_A8R8G8B8,300x300x1.
22:11:39: Finished parsing scripts for resource group General
22:11:39: Parsing scripts for resource group Internal
22:11:39: Finished parsing scripts for resource group Internal
22:11:39: Texture: load.png: Loading 1 faces(PF_A8R8G8B8,800x600x1) with 5 hardware generated mipmaps from Image. Internal format is PF_A8R8G8B8,800x600x1.
22:11:39: Texture: knob_empty.png: Loading 1 faces(PF_A8R8G8B8,250x250x1) with 5 hardware generated mipmaps from Image. Internal format is PF_A8R8G8B8,250x250x1.
22:11:39: Texture: knob_full.png: Loading 1 faces(PF_A8R8G8B8,250x250x1) with 5 hardware generated mipmaps from Image. Internal format is PF_A8R8G8B8,250x250x1.
22:11:39: Texture: cursor.png: Loading 1 faces(PF_A8R8G8B8,32x32x1) with 5 hardware generated mipmaps from Image. Internal format is PF_A8R8G8B8,32x32x1.
22:11:39: Texture: cursor2.png: Loading 1 faces(PF_A8R8G8B8,64x64x1) with 5 hardware generated mipmaps from Image. Internal format is PF_A8R8G8B8,64x64x1.
22:11:39: Texture: floor2_black.png: Loading 1 faces(PF_A8R8G8B8,512x512x1) with 5 hardware generated mipmaps from Image. Internal format is PF_A8R8G8B8,512x512x1.
22:11:39: Creating resource group mainSceneSceneMgr_group
22:11:39: Initialising resource group mainSceneSceneMgr_group
22:11:39: Parsing scripts for resource group mainSceneSceneMgr_group
22:11:39: Finished parsing scripts for resource group mainSceneSceneMgr_group
22:11:39: Mesh: Loading frame.mesh.
22:11:39: WARNING: frame.mesh is an older format ([MeshSerializer_v1.40]); you should upgrade it as soon as possible using the OgreMeshUpgrade tool.
22:11:39: Texture: axes.png: Loading 1 faces(PF_A8R8G8B8,256x256x1) with 5 hardware generated mipmaps from Image. Internal format is PF_A8R8G8B8,256x256x1.
22:11:39: Creating resource group CustomMaterials
22:11:39: Initialising resource group CustomMaterials
22:11:39: Parsing scripts for resource group CustomMaterials
22:11:39: Finished parsing scripts for resource group CustomMaterials
