0.000 [ Info   ][Logger] No ORO_LOGLEVEL environment variable set.
0.000 [ Info   ][Logger]  OROCOS version '2.5.0' compiled with GCC 4.6.1. Running in GNU/Linux.
0.000 [ Info   ][Logger] Orocos Logging Activated at level : [ Warning] ( 4 ) 
0.000 [ Info   ][Logger] Reference System Time is : 1333917611245338850 ticks ( 1.33392e+09 seconds ).
0.000 [ Info   ][Logger] Logging is relative to this time.
0.000 [ Info   ][Logger] Loading typekit libraries from directory /home/joe/xde/bin/types ...
0.043 [ Info   ][TypekitRepository::Import] Loading Typekit XDETypekitPlugin.
0.044 [ Info   ][Logger] Loaded RTT TypeKit/Transport 'XDETypekitPlugin' from 'XDE-typekit.so'
0.060 [ Info   ][TypekitRepository::Import] Loading Transport CORBA://xde/corba.
0.060 [ Info   ][TypekitRepository::Import] Registered new 'CORBA' transport for AngularVelocityd
0.060 [ Info   ][TypekitRepository::Import] Registered new 'CORBA' transport for Displacementd
0.060 [ Info   ][TypekitRepository::Import] Registered new 'CORBA' transport for Matrix4d
0.060 [ Info   ][TypekitRepository::Import] Registered new 'CORBA' transport for Matrix6Xd
0.060 [ Info   ][TypekitRepository::Import] Registered new 'CORBA' transport for Matrix6d
0.060 [ Info   ][TypekitRepository::Import] Registered new 'CORBA' transport for MatrixXd
0.060 [ Info   ][TypekitRepository::Import] Registered new 'CORBA' transport for Msg
0.060 [ Info   ][TypekitRepository::Import] Registered new 'CORBA' transport for Rotation3d
0.060 [ Info   ][TypekitRepository::Import] Registered new 'CORBA' transport for SMsg
0.060 [ Info   ][TypekitRepository::Import] Registered new 'CORBA' transport for Torqued
0.060 [ Info   ][TypekitRepository::Import] Registered new 'CORBA' transport for Twistd
0.060 [ Info   ][TypekitRepository::Import] Registered new 'CORBA' transport for Vector3d
0.060 [ Info   ][TypekitRepository::Import] Registered new 'CORBA' transport for Vector4d
0.060 [ Info   ][TypekitRepository::Import] Registered new 'CORBA' transport for VectorXd
0.060 [ Info   ][TypekitRepository::Import] Registered new 'CORBA' transport for Wrenchd
0.060 [ Info   ][TypekitRepository::Import] Registered new 'CORBA' transport for map_string_Displacementd
0.060 [ Info   ][TypekitRepository::Import] Registered new 'CORBA' transport for map_string_double
0.060 [ Info   ][TypekitRepository::Import] Registered new 'CORBA' transport for map_string_string
0.060 [ Info   ][TypekitRepository::Import] Registered new 'CORBA' transport for pair_int_int
0.060 [ Info   ][TypekitRepository::Import] Registered new 'CORBA' transport for pair_vector_float_vector_uint
0.060 [ Info   ][TypekitRepository::Import] Registered new 'CORBA' transport for ptree
0.060 [ Info   ][TypekitRepository::Import] Registered new 'CORBA' transport for vector_Displacementd
0.060 [ Info   ][TypekitRepository::Import] Registered new 'CORBA' transport for vector_Twistd
0.060 [ Info   ][TypekitRepository::Import] Registered new 'CORBA' transport for vector_int
0.060 [ Info   ][TypekitRepository::Import] Registered new 'CORBA' transport for vector_pair_Displacementd_string
0.060 [ Info   ][TypekitRepository::Import] Registered new 'CORBA' transport for vector_pair_int_Displacementd
0.061 [ Info   ][TypekitRepository::Import] Registered new 'CORBA' transport for vector_pair_pair_Displacementd_Twistd_string
0.061 [ Info   ][TypekitRepository::Import] Registered new 'CORBA' transport for vector_pair_string_int
0.061 [ Info   ][TypekitRepository::Import] Registered new 'CORBA' transport for vector_pair_string_string
0.061 [ Info   ][TypekitRepository::Import] Registered new 'CORBA' transport for vector_string
0.061 [ Info   ][Logger] Loaded RTT TypeKit/Transport 'XDECorbaPlugin' from 'XDE-transport-corba.so'
0.061 [ Info   ][Logger] Loading typekit libraries from directory /usr/lib/orocos/gnulinux/types ...
0.063 [ Info   ][TypekitRepository::Import] Loading Transport CORBA://rtt-types.
0.063 [ Info   ][Logger] Loaded RTT TypeKit/Transport 'rtt-corba-types' from 'rtt-transport-corba'
0.082 [ Info   ][TypekitRepository::Import] Loading Typekit rtt-types.
0.082 [ Info   ][TypekitRepository::Import] Registered new 'CORBA' transport for int
0.082 [ Info   ][TypekitRepository::Import] Registered new 'CORBA' transport for uint
0.082 [ Info   ][TypekitRepository::Import] Registered new 'CORBA' transport for double
0.082 [ Info   ][TypekitRepository::Import] Registered new 'CORBA' transport for float
0.082 [ Info   ][TypekitRepository::Import] Registered new 'CORBA' transport for char
0.082 [ Info   ][TypekitRepository::Import] Registered new 'CORBA' transport for bool
0.082 [ Info   ][TypekitRepository::Import] Registered new 'CORBA' transport for void
0.082 [ Info   ][TypekitRepository::Import] Registered new 'CORBA' transport for ConnPolicy
0.082 [ Info   ][TypekitRepository::Import] Registered new 'CORBA' transport for TaskContext
0.082 [ Info   ][TypekitRepository::Import] Registered new 'CORBA' transport for string
0.082 [ Info   ][TypekitRepository::Import] Registered new 'CORBA' transport for array
0.082 [ Info   ][Logger] Loaded RTT TypeKit/Transport 'rtt-types' from 'rtt-typekit'
0.084 [ Info   ][TypekitRepository::Import] Loading Transport mqueue://rtt-types.
0.085 [ Info   ][TypekitRepository::Import] Registered new 'mqueue' transport for array
0.085 [ Info   ][TypekitRepository::Import] Registered new 'mqueue' transport for bool
0.085 [ Info   ][TypekitRepository::Import] Registered new 'mqueue' transport for char
0.085 [ Info   ][TypekitRepository::Import] Registered new 'mqueue' transport for double
0.085 [ Info   ][TypekitRepository::Import] Registered new 'mqueue' transport for float
0.085 [ Info   ][TypekitRepository::Import] Registered new 'mqueue' transport for int
0.085 [ Info   ][TypekitRepository::Import] Registered new 'mqueue' transport for uint
0.085 [ Info   ][Logger] Loaded RTT TypeKit/Transport 'rtt-mqueue-transport' from 'rtt-transport-mqueue'
0.085 [ Info   ][Logger] Loading plugin libraries from directory /usr/lib/orocos/gnulinux/plugins ...
0.095 [ Info   ][Logger] Loaded RTT Service 'scripting' from 'rtt-scripting'
0.098 [ Info   ][Logger] Loaded RTT Service 'marshalling' from 'rtt-marshalling'
0.169 [ Info   ][Thread] Creating Thread for scheduler=0, priority=0, CPU affinity=0, with name='deployment'
0.169 [ Info   ][deployment] Thread created with scheduler type '0', priority 0, cpu affinity 3 and period 0.
0.170 [ Info   ][Thread] Creating Thread for scheduler=0, priority=0, CPU affinity=0, with name='GlobalEngine'
0.170 [ Info   ][GlobalEngine] Thread created with scheduler type '0', priority 0, cpu affinity 3 and period 0.
0.170 [ Info   ][DeploymentComponent::configure] RTT_COMPONENT_PATH was set to /home/joe/xde/bin/ocl
0.170 [ Info   ][DeploymentComponent::configure] Re-scanning for plugins and components...
0.170 [ Info   ][Logger] No site file was found. Importing 'ocl' by default.
0.170 [ ERROR  ][DeploymentComponent::import] No such package or directory found in search path: ocl. Search path is: 
0.170 [ ERROR  ][DeploymentComponent::import] /home/joe/xde/bin/ocl:.
0.170 [ ERROR  ][DeploymentComponent::import] /home/joe/xde/bin/ocl/ocl
0.170 [ ERROR  ][DeploymentComponent::import] /home/joe/xde/bin/ocl/gnulinux/ocl
0.170 [ ERROR  ][DeploymentComponent::import] ./ocl
0.170 [ ERROR  ][DeploymentComponent::import] ./gnulinux/ocl
0.268 [ Info   ][DeploymentComponent::import] Loaded component type 'dsimi::physics::PhysicAgent'
0.269 [ Info   ][Thread] Creating Thread for scheduler=0, priority=0, CPU affinity=0, with name='physic'
0.269 [ Info   ][physic] Thread created with scheduler type '0', priority 0, cpu affinity 3 and period 0.
0.269 [ Info   ][Thread] Creating Thread for scheduler=0, priority=0, CPU affinity=0, with name='physic.lock_task'
0.269 [ Info   ][physic.lock_task] Thread created with scheduler type '0', priority 0, cpu affinity 3 and period 0.
0.269 [ Info   ][Thread] Creating Thread for scheduler=1, priority=0, CPU affinity=0, with name='Activity'
0.269 [ Warning][Thread] Lowering scheduler type to SCHED_OTHER for non-privileged users..
0.269 [ Warning][Activity] Lowering scheduler type to SCHED_OTHER for non-privileged users..
0.270 [ Info   ][Activity] Thread created with scheduler type '0', priority 0, cpu affinity 3 and period 0.01.
0.270 [ Warning][DeploymentComponent::loadComponent] Forcing priority (99) of thread with SCHED_OTHER policy to 0.
0.274 [ Warning][Service::addLocalOperation] While adding Operation: 'setPeriod': replacing previously added operation.
0.274 [ Info   ][DeploymentComponent::loadComponent] Adding physic as new peer:  OK.
0.913 [CRITICAL][Activity] Activity caught a C++ exception, stopped thread !
0.913 [CRITICAL][Activity] exception was: Component not found : cable_name [type : N3xde3gvm28GeneralizedReissnerBeamSDRefE ]
