#### start assemblySun Apr  8 23:38:50 2012

#### start redimensionning symboliv matrix Sun Apr  8 23:38:50 2012

#### stop assemblySun Apr  8 23:38:50 2012

#### start assemblySun Apr  8 23:41:31 2012

#### start redimensionning symboliv matrix Sun Apr  8 23:41:31 2012

#### stop assemblySun Apr  8 23:41:31 2012

#### start assemblySun Apr  8 23:57:50 2012

#### start redimensionning symboliv matrix Sun Apr  8 23:57:50 2012

#### stop assemblySun Apr  8 23:57:50 2012

#### start assemblyMon Apr  9 00:05:38 2012

#### start redimensionning symboliv matrix Mon Apr  9 00:05:38 2012

#### stop assemblyMon Apr  9 00:05:38 2012

#### start assemblyMon Apr  9 00:28:59 2012

#### start redimensionning symboliv matrix Mon Apr  9 00:28:59 2012

#### stop assemblyMon Apr  9 00:28:59 2012

#### start assemblyTue Apr 10 09:50:17 2012

#### start redimensionning symboliv matrix Tue Apr 10 09:50:17 2012

#### stop assemblyTue Apr 10 09:50:17 2012

#### start assemblyTue Apr 10 09:51:23 2012

#### start redimensionning symboliv matrix Tue Apr 10 09:51:23 2012

#### stop assemblyTue Apr 10 09:51:23 2012

