#### start assemblyMon Apr  9 01:16:58 2012

#### start redimensionning symboliv matrix Mon Apr  9 01:16:58 2012

#### stop assemblyMon Apr  9 01:16:58 2012

#### start assemblyMon Apr  9 01:17:23 2012

#### start redimensionning symboliv matrix Mon Apr  9 01:17:23 2012

#### stop assemblyMon Apr  9 01:17:23 2012

#### start assemblyMon Apr  9 01:18:00 2012

#### start redimensionning symboliv matrix Mon Apr  9 01:18:00 2012

#### stop assemblyMon Apr  9 01:18:00 2012

#### start assemblyMon Apr  9 01:18:21 2012

#### start redimensionning symboliv matrix Mon Apr  9 01:18:21 2012

#### stop assemblyMon Apr  9 01:18:21 2012

#### start assemblyMon Apr  9 01:18:49 2012

#### start redimensionning symboliv matrix Mon Apr  9 01:18:49 2012

#### stop assemblyMon Apr  9 01:18:49 2012

#### start assemblyMon Apr  9 01:19:13 2012

#### start redimensionning symboliv matrix Mon Apr  9 01:19:13 2012

#### stop assemblyMon Apr  9 01:19:13 2012

#### start assemblyMon Apr  9 01:20:50 2012

#### start redimensionning symboliv matrix Mon Apr  9 01:20:50 2012

#### stop assemblyMon Apr  9 01:20:50 2012

#### start assemblyMon Apr  9 01:21:24 2012

#### start redimensionning symboliv matrix Mon Apr  9 01:21:24 2012

#### stop assemblyMon Apr  9 01:21:24 2012

#### start assemblyMon Apr  9 01:24:49 2012

#### start redimensionning symboliv matrix Mon Apr  9 01:24:49 2012

#### stop assemblyMon Apr  9 01:24:49 2012

#### start assemblyMon Apr  9 01:58:31 2012

#### start redimensionning symboliv matrix Mon Apr  9 01:58:31 2012

#### stop assemblyMon Apr  9 01:58:31 2012

#### start assemblyTue Apr 10 09:53:27 2012

#### start redimensionning symboliv matrix Tue Apr 10 09:53:27 2012

#### stop assemblyTue Apr 10 09:53:27 2012

